<?xml version="1.0" encoding="utf-8"?><testsuites name="pytest tests"><testsuite name="pytest" errors="0" failures="0" skipped="0" tests="19" time="1.565" timestamp="2026-02-04T19:31:36.519594+00:00" hostname="agent-env-2eb3b1db-cefb-48f5-8a60-03b00aaf1c7d"><testcase classname="backend.tests.test_behavior_suite_p02_realtime.TestBehaviorSuiteStatusP02" name="test_status_returns_6_engines" time="0.062" /><testcase classname="backend.tests.test_behavior_suite_p02_realtime.TestBehaviorEngineRealTime" name="test_analyze_with_realtime_weather" time="0.042" /><testcase classname="backend.tests.test_behavior_suite_p02_realtime.TestBehaviorEngineRealTime" name="test_analyze_all_species" time="0.302" /><testcase classname="backend.tests.test_behavior_suite_p02_realtime.TestActivityProbabilityEngineRealTime" name="test_activity_with_lunar_phase" time="0.247" /><testcase classname="backend.tests.test_behavior_suite_p02_realtime.TestSeasonalAttractivenessEngine" name="test_seasonal_attractiveness" time="0.035" /><testcase classname="backend.tests.test_behavior_suite_p02_realtime.TestRutPredictionEngine" name="test_rut_prediction_deer" time="0.035" /><testcase classname="backend.tests.test_behavior_suite_p02_realtime.TestRutPredictionEngine" name="test_rut_prediction_moose" time="0.034" /><testcase classname="backend.tests.test_behavior_suite_p02_realtime.TestMovementEngine" name="test_movement_with_corridors" time="0.038" /><testcase classname="backend.tests.test_behavior_suite_p02_realtime.TestSpeciesModelEngine" name="test_species_model_detailed" time="0.035" /><testcase classname="backend.tests.test_behavior_suite_p02_realtime.TestSpeciesModelEngine" name="test_species_model_all_species" time="0.184" /><testcase classname="backend.tests.test_behavior_suite_p02_realtime.TestFullBehaviorAnalysisP02" name="test_full_analysis_all_engines" time="0.038" /><testcase classname="backend.tests.test_behavior_suite_p02_realtime.TestRealTimeDataValidation" name="test_weather_data_integration" time="0.034" /><testcase classname="backend.tests.test_behavior_suite_p02_realtime.TestRealTimeDataValidation" name="test_lunar_phase_calculation" time="0.035" /><testcase classname="backend.tests.test_behavior_suite_p02_realtime.TestRealTimeDataValidation" name="test_pressure_trend_integration" time="0.033" /><testcase classname="backend.tests.test_behavior_suite_p02_realtime.TestDynamicRecommendations" name="test_recommendations_present" time="0.147" /><testcase classname="backend.tests.test_behavior_suite_p02_realtime.TestInputValidationP02" name="test_invalid_latitude" time="0.038" /><testcase classname="backend.tests.test_behavior_suite_p02_realtime.TestInputValidationP02" name="test_invalid_longitude" time="0.034" /><testcase classname="backend.tests.test_behavior_suite_p02_realtime.TestInputValidationP02" name="test_invalid_species" time="0.033" /><testcase classname="backend.tests.test_behavior_suite_p02_realtime.TestInputValidationP02" name="test_missing_required_params" time="0.034" /></testsuite></testsuites>