<?xml version="1.0" encoding="utf-8"?><testsuites name="pytest tests"><testsuite name="pytest" errors="0" failures="1" skipped="0" tests="34" time="1.980" timestamp="2026-02-05T17:06:33.036928+00:00" hostname="agent-env-7ab99445-87a9-4b40-a787-45e22a5c87b6"><testcase classname="backend.tests.test_behavior_v3_p3.TestBehaviorV3Status" name="test_status_returns_200" time="0.110" /><testcase classname="backend.tests.test_behavior_v3_p3.TestBehaviorV3Status" name="test_status_has_correct_version" time="0.051" /><testcase classname="backend.tests.test_behavior_v3_p3.TestBehaviorV3Status" name="test_status_has_engine_name" time="0.046" /><testcase classname="backend.tests.test_behavior_v3_p3.TestBehaviorV3Status" name="test_status_is_operational" time="0.047" /><testcase classname="backend.tests.test_behavior_v3_p3.TestBehaviorV3Status" name="test_status_has_capabilities" time="0.038" /><testcase classname="backend.tests.test_behavior_v3_p3.TestBehaviorV3Status" name="test_status_has_current_weights" time="0.039" /><testcase classname="backend.tests.test_behavior_v3_p3.TestBehaviorV3Training" name="test_train_with_simulated_data" time="0.091" /><testcase classname="backend.tests.test_behavior_v3_p3.TestBehaviorV3Training" name="test_train_returns_metrics" time="0.070" /><testcase classname="backend.tests.test_behavior_v3_p3.TestBehaviorV3Training" name="test_train_accuracy_reasonable" time="0.091" /><testcase classname="backend.tests.test_behavior_v3_p3.TestBehaviorV3Calibration" name="test_calibrate_deer" time="0.043" /><testcase classname="backend.tests.test_behavior_v3_p3.TestBehaviorV3Calibration" name="test_calibrate_moose" time="0.045" /><testcase classname="backend.tests.test_behavior_v3_p3.TestBehaviorV3Calibration" name="test_calibrate_returns_weights" time="0.039" /><testcase classname="backend.tests.test_behavior_v3_p3.TestBehaviorV3Calibration" name="test_calibrate_improvement_score" time="0.044" /><testcase classname="backend.tests.test_behavior_v3_p3.TestBehaviorV3Weights" name="test_weights_returns_200" time="0.041" /><testcase classname="backend.tests.test_behavior_v3_p3.TestBehaviorV3Weights" name="test_weights_has_current_weights" time="0.039" /><testcase classname="backend.tests.test_behavior_v3_p3.TestBehaviorV3Weights" name="test_weights_sum_to_one" time="0.040" /><testcase classname="backend.tests.test_behavior_v3_p3.TestBehaviorV3Weights" name="test_weights_has_metadata" time="0.078" /><testcase classname="backend.tests.test_behavior_v3_p3.TestBehaviorV3History" name="test_history_returns_200" time="0.038" /><testcase classname="backend.tests.test_behavior_v3_p3.TestBehaviorV3History" name="test_history_has_records" time="0.039" /><testcase classname="backend.tests.test_behavior_v3_p3.TestBehaviorV3History" name="test_history_has_statistics" time="0.035" /><testcase classname="backend.tests.test_behavior_v3_p3.TestBehaviorV3History" name="test_history_with_limit" time="0.041" /><testcase classname="backend.tests.test_behavior_v3_p3.TestBehaviorV3Feedback" name="test_submit_success_feedback" time="0.045" /><testcase classname="backend.tests.test_behavior_v3_p3.TestBehaviorV3Feedback" name="test_submit_failure_feedback" time="0.044" /><testcase classname="backend.tests.test_behavior_v3_p3.TestBehaviorV3Feedback" name="test_feedback_invalid_type_returns_400" time="0.041" /><testcase classname="backend.tests.test_behavior_v3_p3.TestBehaviorV3FeedbackSummary" name="test_feedback_summary_returns_200" time="0.039" /><testcase classname="backend.tests.test_behavior_v3_p3.TestBehaviorV3FeedbackSummary" name="test_feedback_summary_has_totals" time="0.034" /><testcase classname="backend.tests.test_behavior_v3_p3.TestBehaviorV3FeedbackSummary" name="test_feedback_summary_has_breakdown" time="0.036" /><testcase classname="backend.tests.test_behavior_v3_p3.TestBehaviorV3RollbackCandidates" name="test_rollback_candidates_returns_200" time="0.045" /><testcase classname="backend.tests.test_behavior_v3_p3.TestBehaviorV3RollbackCandidates" name="test_rollback_candidates_has_can_rollback" time="0.038" /><testcase classname="backend.tests.test_behavior_v3_p3.TestBehaviorV3Metrics" name="test_metrics_returns_200" time="0.079" /><testcase classname="backend.tests.test_behavior_v3_p3.TestBehaviorV3Metrics" name="test_metrics_has_performance_data" time="0.036" /><testcase classname="backend.tests.test_behavior_v3_p3.TestBehaviorV3Metrics" name="test_metrics_has_feedback_stats" time="0.040" /><testcase classname="backend.tests.test_behavior_v3_p3.TestBehaviorV3Integration" name="test_train_then_calibrate_workflow" time="0.149"><failure message="AssertionError: assert 'cal_334d3f08b4c9' == 'cal_d22230afdc24'&#10;  &#10;  - cal_d22230afdc24&#10;  + cal_334d3f08b4c9">backend/tests/test_behavior_v3_p3.py:448: in test_train_then_calibrate_workflow
    assert weights_data["calibration_id"] == calibration_id
E   AssertionError: assert 'cal_334d3f08b4c9' == 'cal_d22230afdc24'
E     
E     - cal_d22230afdc24
E     + cal_334d3f08b4c9</failure></testcase><testcase classname="backend.tests.test_behavior_v3_p3.TestBehaviorV3Integration" name="test_feedback_then_summary_workflow" time="0.117" /></testsuite></testsuites>