<?xml version="1.0" encoding="utf-8"?><testsuites name="pytest tests"><testsuite name="pytest" errors="0" failures="0" skipped="0" tests="30" time="1.625" timestamp="2026-02-04T18:41:56.360050+00:00" hostname="agent-env-7dc27605-8744-43cb-93f5-49f19b65c97a"><testcase classname="backend.tests.test_behavior_suite.TestBehaviorSuiteStatus" name="test_status_returns_operational" time="0.095" /><testcase classname="backend.tests.test_behavior_suite.TestBehaviorEngine" name="test_analyze_deer_behavior" time="0.041" /><testcase classname="backend.tests.test_behavior_suite.TestBehaviorEngine" name="test_analyze_with_weather_params" time="0.046" /><testcase classname="backend.tests.test_behavior_suite.TestSeasonalAttractivenessEngine" name="test_seasonal_moose_analysis" time="0.046" /><testcase classname="backend.tests.test_behavior_suite.TestActivityProbabilityEngine" name="test_activity_probability" time="0.038" /><testcase classname="backend.tests.test_behavior_suite.TestRutPredictionEngine" name="test_rut_prediction_deer_47n" time="0.035" /><testcase classname="backend.tests.test_behavior_suite.TestRutPredictionEngine" name="test_rut_prediction_moose" time="0.038" /><testcase classname="backend.tests.test_behavior_suite.TestMovementEngine" name="test_movement_analysis" time="0.037" /><testcase classname="backend.tests.test_behavior_suite.TestSpeciesModelEngine" name="test_species_model_bear" time="0.039" /><testcase classname="backend.tests.test_behavior_suite.TestFullBehaviorAnalysis" name="test_full_analysis_all_engines" time="0.049" /><testcase classname="backend.tests.test_behavior_suite.TestFullBehaviorAnalysis" name="test_full_analysis_selective_engines" time="0.043" /><testcase classname="backend.tests.test_behavior_suite.TestAllSpeciesSupport" name="test_status_endpoint_species[moose]" time="0.041" /><testcase classname="backend.tests.test_behavior_suite.TestAllSpeciesSupport" name="test_status_endpoint_species[deer]" time="0.038" /><testcase classname="backend.tests.test_behavior_suite.TestAllSpeciesSupport" name="test_status_endpoint_species[bear]" time="0.040" /><testcase classname="backend.tests.test_behavior_suite.TestAllSpeciesSupport" name="test_status_endpoint_species[caribou]" time="0.038" /><testcase classname="backend.tests.test_behavior_suite.TestAllSpeciesSupport" name="test_status_endpoint_species[wolf]" time="0.040" /><testcase classname="backend.tests.test_behavior_suite.TestAllSpeciesSupport" name="test_status_endpoint_species[turkey]" time="0.044" /><testcase classname="backend.tests.test_behavior_suite.TestAllSpeciesSupport" name="test_status_endpoint_species[waterfowl]" time="0.038" /><testcase classname="backend.tests.test_behavior_suite.TestAllSpeciesSupport" name="test_status_endpoint_species[smallgame]" time="0.036" /><testcase classname="backend.tests.test_behavior_suite.TestAllSpeciesSupport" name="test_behavior_analyze_species[deer]" time="0.040" /><testcase classname="backend.tests.test_behavior_suite.TestAllSpeciesSupport" name="test_behavior_analyze_species[moose]" time="0.038" /><testcase classname="backend.tests.test_behavior_suite.TestAllSpeciesSupport" name="test_behavior_analyze_species[bear]" time="0.079" /><testcase classname="backend.tests.test_behavior_suite.TestAllSpeciesSupport" name="test_behavior_analyze_species[turkey]" time="0.038" /><testcase classname="backend.tests.test_behavior_suite.TestInputValidation" name="test_invalid_latitude" time="0.037" /><testcase classname="backend.tests.test_behavior_suite.TestInputValidation" name="test_invalid_longitude" time="0.040" /><testcase classname="backend.tests.test_behavior_suite.TestInputValidation" name="test_missing_required_params" time="0.038" /><testcase classname="backend.tests.test_behavior_suite.TestInputValidation" name="test_invalid_species" time="0.041" /><testcase classname="backend.tests.test_behavior_suite.TestEdgeCases" name="test_extreme_north_quebec" time="0.080" /><testcase classname="backend.tests.test_behavior_suite.TestEdgeCases" name="test_extreme_south_quebec" time="0.076" /><testcase classname="backend.tests.test_behavior_suite.TestEdgeCases" name="test_moon_phase_boundaries" time="0.155" /></testsuite></testsuites>