<?xml version="1.0" encoding="utf-8"?><testsuites name="pytest tests"><testsuite name="pytest" errors="0" failures="0" skipped="0" tests="35" time="2.924" timestamp="2026-02-04T16:32:21.192831+00:00" hostname="agent-env-39838b42-1fb5-4f85-a38f-13090249f13b"><testcase classname="backend.tests.test_bionic_refactored_api.TestBionicModulesEndpoint" name="test_modules_returns_200" time="0.075" /><testcase classname="backend.tests.test_bionic_refactored_api.TestBionicModulesEndpoint" name="test_modules_returns_8_modules" time="0.040" /><testcase classname="backend.tests.test_bionic_refactored_api.TestBionicModulesEndpoint" name="test_modules_have_correct_ids" time="0.039" /><testcase classname="backend.tests.test_bionic_refactored_api.TestBionicModulesEndpoint" name="test_modules_have_required_fields" time="0.038" /><testcase classname="backend.tests.test_bionic_refactored_api.TestBionicSpeciesEndpoint" name="test_species_returns_200" time="0.038" /><testcase classname="backend.tests.test_bionic_refactored_api.TestBionicSpeciesEndpoint" name="test_species_returns_6_species" time="0.033" /><testcase classname="backend.tests.test_bionic_refactored_api.TestBionicSpeciesEndpoint" name="test_species_have_correct_ids" time="0.036" /><testcase classname="backend.tests.test_bionic_refactored_api.TestBionicSpeciesEndpoint" name="test_species_have_module_weights" time="0.038" /><testcase classname="backend.tests.test_bionic_refactored_api.TestBionicAnalyzeEndpoint" name="test_analyze_returns_200" time="1.145" /><testcase classname="backend.tests.test_bionic_refactored_api.TestBionicAnalyzeEndpoint" name="test_analyze_returns_all_modules" time="0.039" /><testcase classname="backend.tests.test_bionic_refactored_api.TestBionicAnalyzeEndpoint" name="test_analyze_returns_species_scores" time="0.040" /><testcase classname="backend.tests.test_bionic_refactored_api.TestBionicAnalyzeEndpoint" name="test_analyze_returns_predictions" time="0.040" /><testcase classname="backend.tests.test_bionic_refactored_api.TestBionicAnalyzeEndpoint" name="test_analyze_returns_temporal" time="0.036" /><testcase classname="backend.tests.test_bionic_refactored_api.TestBionicAnalyzeEndpoint" name="test_analyze_returns_engine_version_2" time="0.037" /><testcase classname="backend.tests.test_bionic_refactored_api.TestBionicStatsEndpoint" name="test_stats_returns_200" time="0.038" /><testcase classname="backend.tests.test_bionic_refactored_api.TestBionicStatsEndpoint" name="test_stats_has_required_fields" time="0.043" /><testcase classname="backend.tests.test_bionic_refactored_api.TestBionicStatsEndpoint" name="test_stats_engine_version_is_2" time="0.041" /><testcase classname="backend.tests.test_bionic_refactored_api.TestBionicStatsEndpoint" name="test_stats_values_are_valid" time="0.040" /><testcase classname="backend.tests.test_bionic_refactored_api.TestBionicGeospatialEndpoints" name="test_geospatial_complete_returns_200" time="0.032" /><testcase classname="backend.tests.test_bionic_refactored_api.TestBionicGeospatialEndpoints" name="test_geospatial_complete_has_weather" time="0.035" /><testcase classname="backend.tests.test_bionic_refactored_api.TestBionicGeospatialEndpoints" name="test_geospatial_complete_has_terrain" time="0.039" /><testcase classname="backend.tests.test_bionic_refactored_api.TestBionicGeospatialEndpoints" name="test_geospatial_complete_has_vegetation" time="0.035" /><testcase classname="backend.tests.test_bionic_refactored_api.TestBionicGeospatialEndpoints" name="test_geospatial_weather_returns_200" time="0.156" /><testcase classname="backend.tests.test_bionic_refactored_api.TestBionicGeospatialEndpoints" name="test_geospatial_weather_has_forecast" time="0.160" /><testcase classname="backend.tests.test_bionic_refactored_api.TestBionicModuleRunEndpoint" name="test_module_run_thermal_returns_200" time="0.042" /><testcase classname="backend.tests.test_bionic_refactored_api.TestBionicModuleRunEndpoint" name="test_module_run_returns_score" time="0.036" /><testcase classname="backend.tests.test_bionic_refactored_api.TestBionicModuleRunEndpoint" name="test_module_run_invalid_module_returns_404" time="0.036" /><testcase classname="backend.tests.test_bionic_refactored_api.TestBionicSpeciesScoreEndpoint" name="test_species_score_moose_returns_200" time="0.039" /><testcase classname="backend.tests.test_bionic_refactored_api.TestBionicSpeciesScoreEndpoint" name="test_species_score_returns_habitat_metrics" time="0.037" /><testcase classname="backend.tests.test_bionic_refactored_api.TestBionicSpeciesScoreEndpoint" name="test_species_score_invalid_species_returns_404" time="0.034" /><testcase classname="backend.tests.test_bionic_refactored_api.TestFrontendStatsEndpoint" name="test_stats_returns_200" time="0.043" /><testcase classname="backend.tests.test_bionic_refactored_api.TestFrontendStatsEndpoint" name="test_stats_has_required_fields" time="0.037" /><testcase classname="backend.tests.test_bionic_refactored_api.TestFrontendStatsEndpoint" name="test_stats_values_are_thresholds" time="0.040" /><testcase classname="backend.tests.test_bionic_refactored_api.TestAPICompatibility" name="test_all_endpoints_accessible" time="0.151" /><testcase classname="backend.tests.test_bionic_refactored_api.TestAPICompatibility" name="test_analyze_backward_compatible" time="0.037" /></testsuite></testsuites>