<?xml version="1.0" encoding="utf-8"?><testsuites name="pytest tests"><testsuite name="pytest" errors="0" failures="0" skipped="0" tests="34" time="7.169" timestamp="2026-02-05T12:22:30.201848+00:00" hostname="agent-env-2eb3b1db-cefb-48f5-8a60-03b00aaf1c7d"><testcase classname="backend.tests.test_bionic_p03_integration.TestP03Status" name="test_status_returns_200" time="0.084" /><testcase classname="backend.tests.test_bionic_p03_integration.TestP03Status" name="test_status_contains_required_fields" time="0.035" /><testcase classname="backend.tests.test_bionic_p03_integration.TestP03Status" name="test_status_capabilities" time="0.077" /><testcase classname="backend.tests.test_bionic_p03_integration.TestP03Status" name="test_status_test_locations" time="0.037" /><testcase classname="backend.tests.test_bionic_p03_integration.TestP03Status" name="test_status_test_species" time="0.039" /><testcase classname="backend.tests.test_bionic_p03_integration.TestP03SingleIntegrationTest" name="test_single_test_laurentides_deer" time="0.036" /><testcase classname="backend.tests.test_bionic_p03_integration.TestP03SingleIntegrationTest" name="test_single_test_returns_coherence_data" time="0.041" /><testcase classname="backend.tests.test_bionic_p03_integration.TestP03SingleIntegrationTest" name="test_single_test_returns_calibration_data" time="0.041" /><testcase classname="backend.tests.test_bionic_p03_integration.TestP03SingleIntegrationTest" name="test_single_test_returns_raw_scores" time="0.039" /><testcase classname="backend.tests.test_bionic_p03_integration.TestP03SingleIntegrationTest" name="test_single_test_engines_success_count" time="0.044" /><testcase classname="backend.tests.test_bionic_p03_integration.TestP03SingleIntegrationTest" name="test_single_test_invalid_coordinates" time="0.038" /><testcase classname="backend.tests.test_bionic_p03_integration.TestP03FullIntegrationTest" name="test_full_test_starts_successfully" time="0.032" /><testcase classname="backend.tests.test_bionic_p03_integration.TestP03FullIntegrationTest" name="test_full_test_result_retrieval" time="5.093" /><testcase classname="backend.tests.test_bionic_p03_integration.TestP03FullIntegrationTest" name="test_full_test_invalid_task_id" time="0.036" /><testcase classname="backend.tests.test_bionic_p03_integration.TestP03CalibrationQuebec" name="test_quebec_calibration_returns_200" time="0.037" /><testcase classname="backend.tests.test_bionic_p03_integration.TestP03CalibrationQuebec" name="test_quebec_calibration_regions" time="0.038" /><testcase classname="backend.tests.test_bionic_p03_integration.TestP03CalibrationQuebec" name="test_quebec_calibration_thermal_coefficients" time="0.034" /><testcase classname="backend.tests.test_bionic_p03_integration.TestP03CalibrationQuebec" name="test_quebec_calibration_pressure_coefficients" time="0.035" /><testcase classname="backend.tests.test_bionic_p03_integration.TestP03CalibrationQuebec" name="test_quebec_calibration_lunar_coefficients" time="0.032" /><testcase classname="backend.tests.test_bionic_p03_integration.TestP03CalibrationQuebec" name="test_quebec_calibration_harvest_density" time="0.034" /><testcase classname="backend.tests.test_bionic_p03_integration.TestP03CalibrationQuebec" name="test_quebec_calibration_data_source" time="0.032" /><testcase classname="backend.tests.test_bionic_p03_integration.TestP03CalibrationRegion" name="test_region_calibration_laurentides" time="0.035" /><testcase classname="backend.tests.test_bionic_p03_integration.TestP03CalibrationRegion" name="test_region_calibration_expected_activity" time="0.038" /><testcase classname="backend.tests.test_bionic_p03_integration.TestP03CalibrationRegion" name="test_region_calibration_outside_quebec" time="0.037" /><testcase classname="backend.tests.test_bionic_p03_integration.TestP03CalibrationRegion" name="test_region_calibration_all_regions" time="0.172" /><testcase classname="backend.tests.test_bionic_p03_integration.TestP03CoherenceMatrix" name="test_coherence_matrix_returns_200" time="0.034" /><testcase classname="backend.tests.test_bionic_p03_integration.TestP03CoherenceMatrix" name="test_coherence_matrix_structure" time="0.034" /><testcase classname="backend.tests.test_bionic_p03_integration.TestP03CoherenceMatrix" name="test_coherence_matrix_tests" time="0.035" /><testcase classname="backend.tests.test_bionic_p03_integration.TestP03CoherenceMatrix" name="test_coherence_matrix_score_validation" time="0.179" /><testcase classname="backend.tests.test_bionic_p03_integration.TestP03CoherenceMatrix" name="test_coherence_test_result_structure" time="0.033" /><testcase classname="backend.tests.test_bionic_p03_integration.TestP03AllSpecies" name="test_deer_all_regions" time="0.171" /><testcase classname="backend.tests.test_bionic_p03_integration.TestP03AllSpecies" name="test_moose_all_regions" time="0.170" /><testcase classname="backend.tests.test_bionic_p03_integration.TestP03AllSpecies" name="test_bear_all_regions" time="0.173" /><testcase classname="backend.tests.test_bionic_p03_integration.TestP03ReportSummary" name="test_report_summary_no_tests" time="0.034" /></testsuite></testsuites>