<?xml version="1.0" encoding="utf-8"?><testsuites name="pytest tests"><testsuite name="pytest" errors="0" failures="0" skipped="0" tests="22" time="5.563" timestamp="2026-02-04T18:04:27.619601+00:00" hostname="agent-env-7dc27605-8744-43cb-93f5-49f19b65c97a"><testcase classname="backend.tests.test_bionic_phase3_engines.TestSentinelEngine" name="test_sentinel_status" time="0.079" /><testcase classname="backend.tests.test_bionic_phase3_engines.TestSentinelEngine" name="test_sentinel_analyze_point" time="0.047" /><testcase classname="backend.tests.test_bionic_phase3_engines.TestSentinelEngine" name="test_sentinel_cache_functionality" time="0.080" /><testcase classname="backend.tests.test_bionic_phase3_engines.TestSigeomEngine" name="test_sigeom_status" time="0.039" /><testcase classname="backend.tests.test_bionic_phase3_engines.TestSigeomEngine" name="test_sigeom_analyze_point" time="0.042" /><testcase classname="backend.tests.test_bionic_phase3_engines.TestSigeomEngine" name="test_sigeom_cache_functionality" time="0.080" /><testcase classname="backend.tests.test_bionic_phase3_engines.TestTerrainEngine" name="test_terrain_status" time="0.036" /><testcase classname="backend.tests.test_bionic_phase3_engines.TestTerrainEngine" name="test_terrain_analyze_point" time="0.039" /><testcase classname="backend.tests.test_bionic_phase3_engines.TestTerrainEngine" name="test_terrain_cache_functionality" time="0.899" /><testcase classname="backend.tests.test_bionic_phase3_engines.TestPressureEngine" name="test_pressure_status" time="0.035" /><testcase classname="backend.tests.test_bionic_phase3_engines.TestPressureEngine" name="test_pressure_analyze_point_urban" time="0.060" /><testcase classname="backend.tests.test_bionic_phase3_engines.TestPressureEngine" name="test_pressure_analyze_point_remote" time="0.883" /><testcase classname="backend.tests.test_bionic_phase3_engines.TestPressureEngine" name="test_pressure_cache_functionality" time="1.239" /><testcase classname="backend.tests.test_bionic_phase3_engines.TestCoreConsolidatedEndpoint" name="test_core_analyze_real_all_modules" time="0.038" /><testcase classname="backend.tests.test_bionic_phase3_engines.TestCoreConsolidatedEndpoint" name="test_core_analyze_real_selective_modules" time="0.039" /><testcase classname="backend.tests.test_bionic_phase3_engines.TestCoreConsolidatedEndpoint" name="test_core_analyze_real_cache_performance" time="0.498" /><testcase classname="backend.tests.test_bionic_phase3_engines.TestCoreConsolidatedEndpoint" name="test_core_analyze_real_different_species" time="0.111" /><testcase classname="backend.tests.test_bionic_phase3_engines.TestCacheSystem" name="test_cache_stats_available" time="0.160" /><testcase classname="backend.tests.test_bionic_phase3_engines.TestCacheSystem" name="test_cache_hit_rate_increases" time="0.416" /><testcase classname="backend.tests.test_bionic_phase3_engines.TestEdgeCases" name="test_invalid_coordinates" time="0.077" /><testcase classname="backend.tests.test_bionic_phase3_engines.TestEdgeCases" name="test_missing_parameters" time="0.109" /><testcase classname="backend.tests.test_bionic_phase3_engines.TestEdgeCases" name="test_extreme_coordinates" time="0.440" /></testsuite></testsuites>