<?xml version="1.0" encoding="utf-8"?><testsuites name="pytest tests"><testsuite name="pytest" errors="0" failures="0" skipped="0" tests="36" time="2.677" timestamp="2026-02-04T16:44:03.239577+00:00" hostname="agent-env-39838b42-1fb5-4f85-a38f-13090249f13b"><testcase classname="backend.tests.test_bionic_phase2_consolidation.TestBionicModulesEndpoint" name="test_modules_endpoint_returns_success" time="0.079" /><testcase classname="backend.tests.test_bionic_phase2_consolidation.TestBionicModulesEndpoint" name="test_modules_returns_8_modules" time="0.037" /><testcase classname="backend.tests.test_bionic_phase2_consolidation.TestBionicModulesEndpoint" name="test_modules_have_correct_names" time="0.040" /><testcase classname="backend.tests.test_bionic_phase2_consolidation.TestBionicModulesEndpoint" name="test_each_module_has_required_fields" time="0.036" /><testcase classname="backend.tests.test_bionic_phase2_consolidation.TestBionicSpeciesEndpoint" name="test_species_endpoint_returns_success" time="0.034" /><testcase classname="backend.tests.test_bionic_phase2_consolidation.TestBionicSpeciesEndpoint" name="test_species_returns_6_species" time="0.037" /><testcase classname="backend.tests.test_bionic_phase2_consolidation.TestBionicSpeciesEndpoint" name="test_species_have_correct_names" time="0.034" /><testcase classname="backend.tests.test_bionic_phase2_consolidation.TestBionicSpeciesEndpoint" name="test_each_species_has_required_fields" time="0.034" /><testcase classname="backend.tests.test_bionic_phase2_consolidation.TestBionicAnalyzeEndpoint" name="test_analyze_endpoint_returns_success" time="1.136" /><testcase classname="backend.tests.test_bionic_phase2_consolidation.TestBionicAnalyzeEndpoint" name="test_analyze_returns_all_8_modules" time="0.035" /><testcase classname="backend.tests.test_bionic_phase2_consolidation.TestBionicAnalyzeEndpoint" name="test_analyze_returns_species_scores" time="0.036" /><testcase classname="backend.tests.test_bionic_phase2_consolidation.TestBionicAnalyzeEndpoint" name="test_analyze_returns_predictions" time="0.033" /><testcase classname="backend.tests.test_bionic_phase2_consolidation.TestBionicAnalyzeEndpoint" name="test_analyze_returns_global_score" time="0.035" /><testcase classname="backend.tests.test_bionic_phase2_consolidation.TestBionicStatsEndpoint" name="test_stats_endpoint_returns_success" time="0.040" /><testcase classname="backend.tests.test_bionic_phase2_consolidation.TestBionicStatsEndpoint" name="test_stats_returns_bionic_core_2_version" time="0.044" /><testcase classname="backend.tests.test_bionic_phase2_consolidation.TestBionicStatsEndpoint" name="test_stats_has_required_fields" time="0.043" /><testcase classname="backend.tests.test_bionic_phase2_consolidation.TestIndividualModuleEndpoints" name="test_get_module_info[thermal]" time="0.036" /><testcase classname="backend.tests.test_bionic_phase2_consolidation.TestIndividualModuleEndpoints" name="test_get_module_info[wetness]" time="0.034" /><testcase classname="backend.tests.test_bionic_phase2_consolidation.TestIndividualModuleEndpoints" name="test_get_module_info[food]" time="0.037" /><testcase classname="backend.tests.test_bionic_phase2_consolidation.TestIndividualModuleEndpoints" name="test_get_module_info[pressure]" time="0.035" /><testcase classname="backend.tests.test_bionic_phase2_consolidation.TestIndividualModuleEndpoints" name="test_get_module_info[access]" time="0.035" /><testcase classname="backend.tests.test_bionic_phase2_consolidation.TestIndividualModuleEndpoints" name="test_get_module_info[corridor]" time="0.035" /><testcase classname="backend.tests.test_bionic_phase2_consolidation.TestIndividualModuleEndpoints" name="test_get_module_info[geoform]" time="0.038" /><testcase classname="backend.tests.test_bionic_phase2_consolidation.TestIndividualModuleEndpoints" name="test_get_module_info[canopy]" time="0.037" /><testcase classname="backend.tests.test_bionic_phase2_consolidation.TestIndividualSpeciesEndpoints" name="test_get_species_info[moose]" time="0.037" /><testcase classname="backend.tests.test_bionic_phase2_consolidation.TestIndividualSpeciesEndpoints" name="test_get_species_info[deer]" time="0.037" /><testcase classname="backend.tests.test_bionic_phase2_consolidation.TestIndividualSpeciesEndpoints" name="test_get_species_info[bear]" time="0.036" /><testcase classname="backend.tests.test_bionic_phase2_consolidation.TestIndividualSpeciesEndpoints" name="test_get_species_info[caribou]" time="0.035" /><testcase classname="backend.tests.test_bionic_phase2_consolidation.TestIndividualSpeciesEndpoints" name="test_get_species_info[wolf]" time="0.038" /><testcase classname="backend.tests.test_bionic_phase2_consolidation.TestIndividualSpeciesEndpoints" name="test_get_species_info[turkey]" time="0.039" /><testcase classname="backend.tests.test_bionic_phase2_consolidation.TestEnumSynchronization" name="test_module_types_match_api_response" time="0.040" /><testcase classname="backend.tests.test_bionic_phase2_consolidation.TestEnumSynchronization" name="test_species_types_match_api_response" time="0.033" /><testcase classname="backend.tests.test_bionic_phase2_consolidation.TestNewPydanticModels" name="test_pressure_module_returns_valid_result" time="0.153" /><testcase classname="backend.tests.test_bionic_phase2_consolidation.TestNewPydanticModels" name="test_access_module_returns_valid_result" time="0.037" /><testcase classname="backend.tests.test_bionic_phase2_consolidation.TestNewPydanticModels" name="test_corridor_module_returns_valid_result" time="0.037" /><testcase classname="backend.tests.test_bionic_phase2_consolidation.TestNewPydanticModels" name="test_geoform_module_returns_valid_result" time="0.039" /></testsuite></testsuites>