<?xml version="1.0" encoding="utf-8"?><testsuites name="pytest tests"><testsuite name="pytest" errors="0" failures="0" skipped="0" tests="74" time="3.442" timestamp="2026-02-05T12:54:51.027470+00:00" hostname="agent-env-2eb3b1db-cefb-48f5-8a60-03b00aaf1c7d"><testcase classname="backend.tests.test_coherence_optimization_api.TestOptimizationStatus" name="test_status_returns_200" time="0.076" /><testcase classname="backend.tests.test_coherence_optimization_api.TestOptimizationStatus" name="test_status_contains_required_fields" time="0.037" /><testcase classname="backend.tests.test_coherence_optimization_api.TestOptimizationStatus" name="test_status_module_operational" time="0.073" /><testcase classname="backend.tests.test_coherence_optimization_api.TestOptimizationStatus" name="test_status_has_3_species_profiles" time="0.037" /><testcase classname="backend.tests.test_coherence_optimization_api.TestOptimizationStatus" name="test_status_has_4_optimization_axes" time="0.037" /><testcase classname="backend.tests.test_coherence_optimization_api.TestSpeciesProfiles" name="test_species_profile_returns_200[deer]" time="0.038" /><testcase classname="backend.tests.test_coherence_optimization_api.TestSpeciesProfiles" name="test_species_profile_returns_200[moose]" time="0.037" /><testcase classname="backend.tests.test_coherence_optimization_api.TestSpeciesProfiles" name="test_species_profile_returns_200[bear]" time="0.034" /><testcase classname="backend.tests.test_coherence_optimization_api.TestSpeciesProfiles" name="test_species_profile_contains_required_fields[deer]" time="0.034" /><testcase classname="backend.tests.test_coherence_optimization_api.TestSpeciesProfiles" name="test_species_profile_contains_required_fields[moose]" time="0.032" /><testcase classname="backend.tests.test_coherence_optimization_api.TestSpeciesProfiles" name="test_species_profile_contains_required_fields[bear]" time="0.032" /><testcase classname="backend.tests.test_coherence_optimization_api.TestSpeciesProfiles" name="test_deer_profile_values" time="0.041" /><testcase classname="backend.tests.test_coherence_optimization_api.TestSpeciesProfiles" name="test_moose_profile_values" time="0.034" /><testcase classname="backend.tests.test_coherence_optimization_api.TestSpeciesProfiles" name="test_bear_profile_values" time="0.033" /><testcase classname="backend.tests.test_coherence_optimization_api.TestSpeciesProfiles" name="test_invalid_species_returns_404" time="0.036" /><testcase classname="backend.tests.test_coherence_optimization_api.TestQuebecEnhancedData" name="test_enhanced_data_returns_200" time="0.034" /><testcase classname="backend.tests.test_coherence_optimization_api.TestQuebecEnhancedData" name="test_enhanced_data_contains_ugaf_zones" time="0.031" /><testcase classname="backend.tests.test_coherence_optimization_api.TestQuebecEnhancedData" name="test_enhanced_data_contains_hunting_pressure" time="0.037" /><testcase classname="backend.tests.test_coherence_optimization_api.TestQuebecEnhancedData" name="test_enhanced_data_contains_protected_areas" time="0.032" /><testcase classname="backend.tests.test_coherence_optimization_api.TestQuebecEnhancedData" name="test_enhanced_data_contains_seasonal_corrections" time="0.036" /><testcase classname="backend.tests.test_coherence_optimization_api.TestQuebecEnhancedData" name="test_enhanced_data_contains_data_sources" time="0.040" /><testcase classname="backend.tests.test_coherence_optimization_api.TestLocationFactors" name="test_location_factors_returns_200[laurentides-coords0]" time="0.035" /><testcase classname="backend.tests.test_coherence_optimization_api.TestLocationFactors" name="test_location_factors_returns_200[saguenay-coords1]" time="0.040" /><testcase classname="backend.tests.test_coherence_optimization_api.TestLocationFactors" name="test_location_factors_returns_200[outaouais-coords2]" time="0.035" /><testcase classname="backend.tests.test_coherence_optimization_api.TestLocationFactors" name="test_location_factors_returns_200[abitibi-coords3]" time="0.031" /><testcase classname="backend.tests.test_coherence_optimization_api.TestLocationFactors" name="test_location_factors_returns_200[gaspesie-coords4]" time="0.037" /><testcase classname="backend.tests.test_coherence_optimization_api.TestLocationFactors" name="test_location_factors_laurentides_deer" time="0.031" /><testcase classname="backend.tests.test_coherence_optimization_api.TestLocationFactors" name="test_location_factors_saguenay_moose" time="0.031" /><testcase classname="backend.tests.test_coherence_optimization_api.TestLocationFactors" name="test_location_factors_combined_modifier" time="0.035" /><testcase classname="backend.tests.test_coherence_optimization_api.TestLocationFactors" name="test_location_factors_invalid_coords" time="0.037" /><testcase classname="backend.tests.test_coherence_optimization_api.TestP1Hooks" name="test_p1_hooks_returns_200" time="0.036" /><testcase classname="backend.tests.test_coherence_optimization_api.TestP1Hooks" name="test_p1_hooks_contains_required_fields" time="0.033" /><testcase classname="backend.tests.test_coherence_optimization_api.TestP1Hooks" name="test_p1_hooks_expected_engines" time="0.037" /><testcase classname="backend.tests.test_coherence_optimization_api.TestP1Hooks" name="test_p1_hooks_corridor_engine_format" time="0.034" /><testcase classname="backend.tests.test_coherence_optimization_api.TestP1Hooks" name="test_p1_hooks_landcover_engine_format" time="0.037" /><testcase classname="backend.tests.test_coherence_optimization_api.TestP1Hooks" name="test_p1_hooks_nutrition_engine_format" time="0.031" /><testcase classname="backend.tests.test_coherence_optimization_api.TestEvaluateCoherence" name="test_evaluate_returns_200[deer]" time="0.033" /><testcase classname="backend.tests.test_coherence_optimization_api.TestEvaluateCoherence" name="test_evaluate_returns_200[moose]" time="0.037" /><testcase classname="backend.tests.test_coherence_optimization_api.TestEvaluateCoherence" name="test_evaluate_returns_200[bear]" time="0.032" /><testcase classname="backend.tests.test_coherence_optimization_api.TestEvaluateCoherence" name="test_evaluate_contains_required_fields" time="0.033" /><testcase classname="backend.tests.test_coherence_optimization_api.TestEvaluateCoherence" name="test_evaluate_optimized_coherence_structure" time="0.033" /><testcase classname="backend.tests.test_coherence_optimization_api.TestEvaluateCoherence" name="test_evaluate_has_5_coherence_tests" time="0.036" /><testcase classname="backend.tests.test_coherence_optimization_api.TestEvaluateCoherence" name="test_evaluate_test_structure" time="0.034" /><testcase classname="backend.tests.test_coherence_optimization_api.TestEvaluateCoherence" name="test_evaluate_optimizations_applied" time="0.034" /><testcase classname="backend.tests.test_coherence_optimization_api.TestEvaluateCoherence" name="test_evaluate_raw_scores" time="0.033" /><testcase classname="backend.tests.test_coherence_optimization_api.TestEvaluateCoherence" name="test_evaluate_p1_prefusion_scores" time="0.034" /><testcase classname="backend.tests.test_coherence_optimization_api.TestEvaluateCoherence" name="test_evaluate_invalid_coords" time="0.036" /><testcase classname="backend.tests.test_coherence_optimization_api.TestCompareCoherence" name="test_compare_returns_200[deer]" time="0.035" /><testcase classname="backend.tests.test_coherence_optimization_api.TestCompareCoherence" name="test_compare_returns_200[moose]" time="0.078" /><testcase classname="backend.tests.test_coherence_optimization_api.TestCompareCoherence" name="test_compare_returns_200[bear]" time="0.034" /><testcase classname="backend.tests.test_coherence_optimization_api.TestCompareCoherence" name="test_compare_contains_required_fields" time="0.039" /><testcase classname="backend.tests.test_coherence_optimization_api.TestCompareCoherence" name="test_compare_comparison_structure" time="0.036" /><testcase classname="backend.tests.test_coherence_optimization_api.TestCompareCoherence" name="test_compare_target_is_100_percent" time="0.036" /><testcase classname="backend.tests.test_coherence_optimization_api.TestCompareCoherence" name="test_compare_invalid_coords" time="0.035" /><testcase classname="backend.tests.test_coherence_optimization_api.TestAllRegionsAllSpecies" name="test_evaluate_all_regions_all_species[deer-laurentides-coords0]" time="0.032" /><testcase classname="backend.tests.test_coherence_optimization_api.TestAllRegionsAllSpecies" name="test_evaluate_all_regions_all_species[deer-saguenay-coords1]" time="0.033" /><testcase classname="backend.tests.test_coherence_optimization_api.TestAllRegionsAllSpecies" name="test_evaluate_all_regions_all_species[deer-outaouais-coords2]" time="0.037" /><testcase classname="backend.tests.test_coherence_optimization_api.TestAllRegionsAllSpecies" name="test_evaluate_all_regions_all_species[deer-abitibi-coords3]" time="0.535" /><testcase classname="backend.tests.test_coherence_optimization_api.TestAllRegionsAllSpecies" name="test_evaluate_all_regions_all_species[deer-gaspesie-coords4]" time="0.153" /><testcase classname="backend.tests.test_coherence_optimization_api.TestAllRegionsAllSpecies" name="test_evaluate_all_regions_all_species[moose-laurentides-coords0]" time="0.032" /><testcase classname="backend.tests.test_coherence_optimization_api.TestAllRegionsAllSpecies" name="test_evaluate_all_regions_all_species[moose-saguenay-coords1]" time="0.039" /><testcase classname="backend.tests.test_coherence_optimization_api.TestAllRegionsAllSpecies" name="test_evaluate_all_regions_all_species[moose-outaouais-coords2]" time="0.031" /><testcase classname="backend.tests.test_coherence_optimization_api.TestAllRegionsAllSpecies" name="test_evaluate_all_regions_all_species[moose-abitibi-coords3]" time="0.032" /><testcase classname="backend.tests.test_coherence_optimization_api.TestAllRegionsAllSpecies" name="test_evaluate_all_regions_all_species[moose-gaspesie-coords4]" time="0.035" /><testcase classname="backend.tests.test_coherence_optimization_api.TestAllRegionsAllSpecies" name="test_evaluate_all_regions_all_species[bear-laurentides-coords0]" time="0.034" /><testcase classname="backend.tests.test_coherence_optimization_api.TestAllRegionsAllSpecies" name="test_evaluate_all_regions_all_species[bear-saguenay-coords1]" time="0.033" /><testcase classname="backend.tests.test_coherence_optimization_api.TestAllRegionsAllSpecies" name="test_evaluate_all_regions_all_species[bear-outaouais-coords2]" time="0.035" /><testcase classname="backend.tests.test_coherence_optimization_api.TestAllRegionsAllSpecies" name="test_evaluate_all_regions_all_species[bear-abitibi-coords3]" time="0.033" /><testcase classname="backend.tests.test_coherence_optimization_api.TestAllRegionsAllSpecies" name="test_evaluate_all_regions_all_species[bear-gaspesie-coords4]" time="0.034" /><testcase classname="backend.tests.test_coherence_optimization_api.TestAllRegionsAllSpecies" name="test_location_factors_all_regions[laurentides-coords0]" time="0.037" /><testcase classname="backend.tests.test_coherence_optimization_api.TestAllRegionsAllSpecies" name="test_location_factors_all_regions[saguenay-coords1]" time="0.031" /><testcase classname="backend.tests.test_coherence_optimization_api.TestAllRegionsAllSpecies" name="test_location_factors_all_regions[outaouais-coords2]" time="0.033" /><testcase classname="backend.tests.test_coherence_optimization_api.TestAllRegionsAllSpecies" name="test_location_factors_all_regions[abitibi-coords3]" time="0.032" /><testcase classname="backend.tests.test_coherence_optimization_api.TestAllRegionsAllSpecies" name="test_location_factors_all_regions[gaspesie-coords4]" time="0.032" /></testsuite></testsuites>