<?xml version="1.0" encoding="utf-8"?><testsuites name="pytest tests"><testsuite name="pytest" errors="0" failures="0" skipped="0" tests="20" time="1.536" timestamp="2026-02-04T22:17:59.326192+00:00" hostname="agent-env-2eb3b1db-cefb-48f5-8a60-03b00aaf1c7d"><testcase classname="backend.tests.test_current_conditions_api.TestCurrentConditionsEndpoint" name="test_current_conditions_returns_200" time="0.078" /><testcase classname="backend.tests.test_current_conditions_api.TestCurrentConditionsEndpoint" name="test_current_conditions_location_data" time="0.039" /><testcase classname="backend.tests.test_current_conditions_api.TestCurrentConditionsEndpoint" name="test_current_conditions_lunar_data" time="0.035" /><testcase classname="backend.tests.test_current_conditions_api.TestCurrentConditionsEndpoint" name="test_current_conditions_pressure_data" time="0.038" /><testcase classname="backend.tests.test_current_conditions_api.TestCurrentConditionsEndpoint" name="test_current_conditions_weather_data" time="0.034" /><testcase classname="backend.tests.test_current_conditions_api.TestCurrentConditionsEndpoint" name="test_current_conditions_photoperiod_data" time="0.041" /><testcase classname="backend.tests.test_current_conditions_api.TestCurrentConditionsEndpoint" name="test_current_conditions_hunting_impact" time="0.044" /><testcase classname="backend.tests.test_current_conditions_api.TestCurrentConditionsEndpoint" name="test_current_conditions_cache_miss_then_hit" time="0.600" /><testcase classname="backend.tests.test_current_conditions_api.TestCurrentConditionsEndpoint" name="test_current_conditions_export_summary" time="0.038" /><testcase classname="backend.tests.test_current_conditions_api.TestCurrentConditionsEndpoint" name="test_current_conditions_invalid_lat" time="0.041" /><testcase classname="backend.tests.test_current_conditions_api.TestCurrentConditionsEndpoint" name="test_current_conditions_invalid_lon" time="0.042" /><testcase classname="backend.tests.test_current_conditions_api.TestCurrentConditionsEndpoint" name="test_current_conditions_missing_params" time="0.075" /><testcase classname="backend.tests.test_current_conditions_api.TestLunarEndpoint" name="test_lunar_returns_200" time="0.038" /><testcase classname="backend.tests.test_current_conditions_api.TestLunarEndpoint" name="test_lunar_data_structure" time="0.043" /><testcase classname="backend.tests.test_current_conditions_api.TestExportDataEndpoint" name="test_export_data_returns_200" time="0.045" /><testcase classname="backend.tests.test_current_conditions_api.TestExportDataEndpoint" name="test_export_data_structure" time="0.039" /><testcase classname="backend.tests.test_current_conditions_api.TestExportDataEndpoint" name="test_export_data_hunting_score" time="0.041" /><testcase classname="backend.tests.test_current_conditions_api.TestHuntingImpactScoring" name="test_hunting_impact_score_range" time="0.040" /><testcase classname="backend.tests.test_current_conditions_api.TestHuntingImpactScoring" name="test_hunting_impact_level_mapping" time="0.035" /><testcase classname="backend.tests.test_current_conditions_api.TestHuntingImpactScoring" name="test_hunting_impact_factors_present" time="0.041" /></testsuite></testsuites>