<?xml version="1.0" encoding="utf-8"?><testsuites name="pytest tests"><testsuite name="pytest" errors="0" failures="0" skipped="0" tests="32" time="104.132" timestamp="2026-02-05T15:42:34.294517+00:00" hostname="agent-env-cc939c89-7580-4c01-a5d0-8c30696fa799"><testcase classname="backend.tests.test_fusion_p2.TestFusionStatus" name="test_fusion_status_returns_200" time="0.087" /><testcase classname="backend.tests.test_fusion_p2.TestFusionStatus" name="test_fusion_status_engine_operational" time="0.045" /><testcase classname="backend.tests.test_fusion_p2.TestFusionStatus" name="test_fusion_status_capabilities" time="0.044" /><testcase classname="backend.tests.test_fusion_p2.TestFusionAnalyze" name="test_analyze_full_returns_200" time="7.844" /><testcase classname="backend.tests.test_fusion_p2.TestFusionAnalyze" name="test_analyze_full_returns_fusion_data" time="9.044" /><testcase classname="backend.tests.test_fusion_p2.TestFusionAnalyze" name="test_analyze_quick_returns_200" time="12.050" /><testcase classname="backend.tests.test_fusion_p2.TestFusionAnalyze" name="test_analyze_quick_returns_simplified_data" time="7.058" /><testcase classname="backend.tests.test_fusion_p2.TestFusionAnalyze" name="test_analyze_frontend_returns_200" time="11.907" /><testcase classname="backend.tests.test_fusion_p2.TestFusionAnalyze" name="test_analyze_frontend_returns_frontend_format" time="8.733" /><testcase classname="backend.tests.test_fusion_p2.TestFusionHeatmap" name="test_heatmap_returns_200" time="11.663" /><testcase classname="backend.tests.test_fusion_p2.TestFusionHeatmap" name="test_heatmap_returns_valid_data" time="10.753" /><testcase classname="backend.tests.test_fusion_p2.TestFusionWeights" name="test_weights_returns_200" time="0.065" /><testcase classname="backend.tests.test_fusion_p2.TestFusionWeights" name="test_weights_returns_valid_data" time="0.038" /><testcase classname="backend.tests.test_fusion_p2.TestFusionWeights" name="test_species_presets_returns_200" time="0.051" /><testcase classname="backend.tests.test_fusion_p2.TestFusionWeights" name="test_species_presets_returns_all_species" time="0.054" /><testcase classname="backend.tests.test_fusion_p2.TestFusionWeights" name="test_territory_modifiers_returns_200" time="0.040" /><testcase classname="backend.tests.test_fusion_p2.TestFusionWeights" name="test_territory_modifiers_returns_all_territories" time="0.039" /><testcase classname="backend.tests.test_fusion_p2.TestFusionWeights" name="test_seasonal_modifiers_returns_200" time="0.041" /><testcase classname="backend.tests.test_fusion_p2.TestFusionWeights" name="test_seasonal_modifiers_returns_all_seasons" time="0.082" /><testcase classname="backend.tests.test_fusion_p2.TestFusionCalibration" name="test_calibration_status_returns_200" time="0.044" /><testcase classname="backend.tests.test_fusion_p2.TestFusionCalibration" name="test_calibration_status_is_placeholder" time="0.043" /><testcase classname="backend.tests.test_fusion_p2.TestFusionCompatibility" name="test_compatibility_returns_200" time="0.071" /><testcase classname="backend.tests.test_fusion_p2.TestFusionCompatibility" name="test_compatibility_all_compatible" time="0.039" /><testcase classname="backend.tests.test_fusion_p2.TestFusionErrorHandling" name="test_analyze_missing_lat_returns_422" time="0.050" /><testcase classname="backend.tests.test_fusion_p2.TestFusionErrorHandling" name="test_analyze_missing_lon_returns_422" time="0.048" /><testcase classname="backend.tests.test_fusion_p2.TestFusionErrorHandling" name="test_analyze_invalid_lat_returns_422" time="0.046" /><testcase classname="backend.tests.test_fusion_p2.TestFusionErrorHandling" name="test_analyze_invalid_lon_returns_422" time="0.048" /><testcase classname="backend.tests.test_fusion_p2.TestFusionMultiTerritory" name="test_analyze_quebec_territory" time="11.991" /><testcase classname="backend.tests.test_fusion_p2.TestFusionMultiTerritory" name="test_analyze_usa_territory" time="11.867" /><testcase classname="backend.tests.test_fusion_p2.TestFusionModes" name="test_balanced_mode" time="0.083" /><testcase classname="backend.tests.test_fusion_p2.TestFusionModes" name="test_geo_dominant_mode" time="0.037" /><testcase classname="backend.tests.test_fusion_p2.TestFusionModes" name="test_behavior_dominant_mode" time="0.043" /></testsuite></testsuites>