<?xml version="1.0" encoding="utf-8"?><testsuites name="pytest tests"><testsuite name="pytest" errors="0" failures="1" skipped="0" tests="32" time="117.541" timestamp="2026-02-05T15:39:57.837059+00:00" hostname="agent-env-cc939c89-7580-4c01-a5d0-8c30696fa799"><testcase classname="backend.tests.test_fusion_p2.TestFusionStatus" name="test_fusion_status_returns_200" time="0.090" /><testcase classname="backend.tests.test_fusion_p2.TestFusionStatus" name="test_fusion_status_engine_operational" time="0.047" /><testcase classname="backend.tests.test_fusion_p2.TestFusionStatus" name="test_fusion_status_capabilities" time="0.052" /><testcase classname="backend.tests.test_fusion_p2.TestFusionAnalyze" name="test_analyze_full_returns_200" time="12.429" /><testcase classname="backend.tests.test_fusion_p2.TestFusionAnalyze" name="test_analyze_full_returns_fusion_data" time="9.032" /><testcase classname="backend.tests.test_fusion_p2.TestFusionAnalyze" name="test_analyze_quick_returns_200" time="8.340" /><testcase classname="backend.tests.test_fusion_p2.TestFusionAnalyze" name="test_analyze_quick_returns_simplified_data" time="13.593" /><testcase classname="backend.tests.test_fusion_p2.TestFusionAnalyze" name="test_analyze_frontend_returns_200" time="12.954" /><testcase classname="backend.tests.test_fusion_p2.TestFusionAnalyze" name="test_analyze_frontend_returns_frontend_format" time="8.537" /><testcase classname="backend.tests.test_fusion_p2.TestFusionHeatmap" name="test_heatmap_returns_200" time="12.577" /><testcase classname="backend.tests.test_fusion_p2.TestFusionHeatmap" name="test_heatmap_returns_valid_data" time="9.610" /><testcase classname="backend.tests.test_fusion_p2.TestFusionWeights" name="test_weights_returns_200" time="0.067" /><testcase classname="backend.tests.test_fusion_p2.TestFusionWeights" name="test_weights_returns_valid_data" time="0.044" /><testcase classname="backend.tests.test_fusion_p2.TestFusionWeights" name="test_species_presets_returns_200" time="0.038" /><testcase classname="backend.tests.test_fusion_p2.TestFusionWeights" name="test_species_presets_returns_all_species" time="0.043" /><testcase classname="backend.tests.test_fusion_p2.TestFusionWeights" name="test_territory_modifiers_returns_200" time="0.045" /><testcase classname="backend.tests.test_fusion_p2.TestFusionWeights" name="test_territory_modifiers_returns_all_territories" time="0.037" /><testcase classname="backend.tests.test_fusion_p2.TestFusionWeights" name="test_seasonal_modifiers_returns_200" time="0.039" /><testcase classname="backend.tests.test_fusion_p2.TestFusionWeights" name="test_seasonal_modifiers_returns_all_seasons" time="0.041" /><testcase classname="backend.tests.test_fusion_p2.TestFusionCalibration" name="test_calibration_status_returns_200" time="0.037" /><testcase classname="backend.tests.test_fusion_p2.TestFusionCalibration" name="test_calibration_status_is_placeholder" time="0.038" /><testcase classname="backend.tests.test_fusion_p2.TestFusionCompatibility" name="test_compatibility_returns_200" time="0.040" /><testcase classname="backend.tests.test_fusion_p2.TestFusionCompatibility" name="test_compatibility_all_compatible" time="0.043" /><testcase classname="backend.tests.test_fusion_p2.TestFusionErrorHandling" name="test_analyze_missing_lat_returns_422" time="0.037" /><testcase classname="backend.tests.test_fusion_p2.TestFusionErrorHandling" name="test_analyze_missing_lon_returns_422" time="0.038" /><testcase classname="backend.tests.test_fusion_p2.TestFusionErrorHandling" name="test_analyze_invalid_lat_returns_422" time="0.037" /><testcase classname="backend.tests.test_fusion_p2.TestFusionErrorHandling" name="test_analyze_invalid_lon_returns_422" time="0.041" /><testcase classname="backend.tests.test_fusion_p2.TestFusionMultiTerritory" name="test_analyze_quebec_territory" time="14.804" /><testcase classname="backend.tests.test_fusion_p2.TestFusionMultiTerritory" name="test_analyze_usa_territory" time="14.427" /><testcase classname="backend.tests.test_fusion_p2.TestFusionModes" name="test_balanced_mode" time="0.093" /><testcase classname="backend.tests.test_fusion_p2.TestFusionModes" name="test_geo_dominant_mode" time="0.048"><failure message="assert 0.45 &gt; 0.55">backend/tests/test_fusion_p2.py:484: in test_geo_dominant_mode
    assert suite["geo_suite"] &gt; suite["behavior_suite"]
E   assert 0.45 &gt; 0.55</failure></testcase><testcase classname="backend.tests.test_fusion_p2.TestFusionModes" name="test_behavior_dominant_mode" time="0.080" /></testsuite></testsuites>