<?xml version="1.0" encoding="utf-8"?><testsuites name="pytest tests"><testsuite name="pytest" errors="0" failures="0" skipped="0" tests="62" time="446.490" timestamp="2026-02-05T14:07:02.588708+00:00" hostname="agent-env-e29e13b9-04f5-4f45-b531-a0e59a0cead5"><testcase classname="backend.tests.test_geosuite_p1_engines.TestGeoSuiteStatus" name="test_geosuite_status_returns_200" time="0.083" /><testcase classname="backend.tests.test_geosuite_p1_engines.TestGeoSuiteStatus" name="test_geosuite_status_structure" time="0.038" /><testcase classname="backend.tests.test_geosuite_p1_engines.TestGeoSuiteStatus" name="test_geosuite_status_engines" time="0.038" /><testcase classname="backend.tests.test_geosuite_p1_engines.TestGeoSuiteStatus" name="test_geosuite_status_data_sources" time="0.040" /><testcase classname="backend.tests.test_geosuite_p1_engines.TestCorridorEngine" name="test_corridor_analyze_quebec_returns_200" time="9.411" /><testcase classname="backend.tests.test_geosuite_p1_engines.TestCorridorEngine" name="test_corridor_analyze_quebec_structure" time="10.063" /><testcase classname="backend.tests.test_geosuite_p1_engines.TestCorridorEngine" name="test_corridor_analyze_quebec_score_range" time="8.492" /><testcase classname="backend.tests.test_geosuite_p1_engines.TestCorridorEngine" name="test_corridor_analyze_quebec_corridors_data" time="10.556" /><testcase classname="backend.tests.test_geosuite_p1_engines.TestCorridorEngine" name="test_corridor_analyze_quebec_species_scores" time="13.175" /><testcase classname="backend.tests.test_geosuite_p1_engines.TestCorridorEngine" name="test_corridor_analyze_usa_returns_200" time="13.474" /><testcase classname="backend.tests.test_geosuite_p1_engines.TestCorridorEngine" name="test_corridor_analyze_usa_region_detection" time="9.035" /><testcase classname="backend.tests.test_geosuite_p1_engines.TestCorridorEngine" name="test_corridor_analyze_recommendations" time="14.332" /><testcase classname="backend.tests.test_geosuite_p1_engines.TestLandcoverEngine" name="test_landcover_analyze_quebec_returns_200" time="5.698" /><testcase classname="backend.tests.test_geosuite_p1_engines.TestLandcoverEngine" name="test_landcover_analyze_quebec_structure" time="5.088" /><testcase classname="backend.tests.test_geosuite_p1_engines.TestLandcoverEngine" name="test_landcover_analyze_quebec_score_range" time="4.698" /><testcase classname="backend.tests.test_geosuite_p1_engines.TestLandcoverEngine" name="test_landcover_analyze_quebec_cover_data" time="1.755" /><testcase classname="backend.tests.test_geosuite_p1_engines.TestLandcoverEngine" name="test_landcover_analyze_quebec_species_habitat" time="5.378" /><testcase classname="backend.tests.test_geosuite_p1_engines.TestLandcoverEngine" name="test_landcover_analyze_usa_returns_200" time="39.707" /><testcase classname="backend.tests.test_geosuite_p1_engines.TestNutritionEngine" name="test_nutrition_analyze_quebec_returns_200" time="0.080" /><testcase classname="backend.tests.test_geosuite_p1_engines.TestNutritionEngine" name="test_nutrition_analyze_quebec_structure" time="0.036" /><testcase classname="backend.tests.test_geosuite_p1_engines.TestNutritionEngine" name="test_nutrition_analyze_quebec_score_range" time="0.035" /><testcase classname="backend.tests.test_geosuite_p1_engines.TestNutritionEngine" name="test_nutrition_analyze_quebec_food_availability" time="0.036" /><testcase classname="backend.tests.test_geosuite_p1_engines.TestNutritionEngine" name="test_nutrition_analyze_quebec_species_nutrition" time="0.035" /><testcase classname="backend.tests.test_geosuite_p1_engines.TestNutritionEngine" name="test_nutrition_analyze_usa_returns_200" time="0.040" /><testcase classname="backend.tests.test_geosuite_p1_engines.TestPopulationDensityEngine" name="test_population_density_quebec_returns_200" time="0.038" /><testcase classname="backend.tests.test_geosuite_p1_engines.TestPopulationDensityEngine" name="test_population_density_quebec_structure" time="0.040" /><testcase classname="backend.tests.test_geosuite_p1_engines.TestPopulationDensityEngine" name="test_population_density_quebec_score_range" time="0.041" /><testcase classname="backend.tests.test_geosuite_p1_engines.TestPopulationDensityEngine" name="test_population_density_quebec_category" time="0.043" /><testcase classname="backend.tests.test_geosuite_p1_engines.TestPopulationDensityEngine" name="test_population_density_quebec_species_densities" time="0.039" /><testcase classname="backend.tests.test_geosuite_p1_engines.TestPopulationDensityEngine" name="test_population_density_usa_returns_200" time="0.036" /><testcase classname="backend.tests.test_geosuite_p1_engines.TestHuntingPressureModule" name="test_hunting_pressure_quebec_returns_200" time="0.035" /><testcase classname="backend.tests.test_geosuite_p1_engines.TestHuntingPressureModule" name="test_hunting_pressure_quebec_structure" time="0.036" /><testcase classname="backend.tests.test_geosuite_p1_engines.TestHuntingPressureModule" name="test_hunting_pressure_quebec_score_range" time="0.039" /><testcase classname="backend.tests.test_geosuite_p1_engines.TestHuntingPressureModule" name="test_hunting_pressure_quebec_pressure_level" time="0.040" /><testcase classname="backend.tests.test_geosuite_p1_engines.TestHuntingPressureModule" name="test_hunting_pressure_quebec_behavioral_impact" time="0.037" /><testcase classname="backend.tests.test_geosuite_p1_engines.TestHuntingPressureModule" name="test_hunting_pressure_quebec_optimal_timing" time="0.036" /><testcase classname="backend.tests.test_geosuite_p1_engines.TestHuntingPressureModule" name="test_hunting_pressure_usa_returns_200" time="0.036" /><testcase classname="backend.tests.test_geosuite_p1_engines.TestFullAnalysis" name="test_full_analysis_quebec_returns_200" time="41.405" /><testcase classname="backend.tests.test_geosuite_p1_engines.TestFullAnalysis" name="test_full_analysis_quebec_all_engines_executed" time="38.364" /><testcase classname="backend.tests.test_geosuite_p1_engines.TestFullAnalysis" name="test_full_analysis_quebec_analyses_present" time="20.695" /><testcase classname="backend.tests.test_geosuite_p1_engines.TestFullAnalysis" name="test_full_analysis_quebec_global_score" time="25.231" /><testcase classname="backend.tests.test_geosuite_p1_engines.TestFullAnalysis" name="test_full_analysis_quebec_recommendations" time="24.274" /><testcase classname="backend.tests.test_geosuite_p1_engines.TestFullAnalysis" name="test_full_analysis_usa_returns_200" time="49.259" /><testcase classname="backend.tests.test_geosuite_p1_engines.TestMapStyles" name="test_map_styles_returns_200" time="0.074" /><testcase classname="backend.tests.test_geosuite_p1_engines.TestMapStyles" name="test_map_styles_structure" time="0.037" /><testcase classname="backend.tests.test_geosuite_p1_engines.TestMapStyles" name="test_map_styles_available" time="0.039" /><testcase classname="backend.tests.test_geosuite_p1_engines.TestSpeciesPresets" name="test_species_presets_returns_200" time="0.034" /><testcase classname="backend.tests.test_geosuite_p1_engines.TestSpeciesPresets" name="test_species_presets_all_species" time="0.038" /><testcase classname="backend.tests.test_geosuite_p1_engines.TestFusionCompatibility" name="test_fusion_compatibility_returns_200" time="0.078" /><testcase classname="backend.tests.test_geosuite_p1_engines.TestFusionCompatibility" name="test_fusion_compatibility_structure" time="0.039" /><testcase classname="backend.tests.test_geosuite_p1_engines.TestFusionCompatibility" name="test_fusion_compatibility_engines_ready" time="0.033" /><testcase classname="backend.tests.test_geosuite_p1_engines.TestMultiTerritory" name="test_quebec_region_detection" time="22.260" /><testcase classname="backend.tests.test_geosuite_p1_engines.TestMultiTerritory" name="test_laurentides_region_detection" time="14.467" /><testcase classname="backend.tests.test_geosuite_p1_engines.TestMultiTerritory" name="test_usa_region_detection" time="36.167" /><testcase classname="backend.tests.test_geosuite_p1_engines.TestMultiTerritory" name="test_quebec_data_sources" time="0.078" /><testcase classname="backend.tests.test_geosuite_p1_engines.TestErrorHandling" name="test_invalid_coordinates_missing_lat" time="0.044" /><testcase classname="backend.tests.test_geosuite_p1_engines.TestErrorHandling" name="test_invalid_coordinates_missing_lon" time="0.038" /><testcase classname="backend.tests.test_geosuite_p1_engines.TestErrorHandling" name="test_invalid_coordinates_out_of_range_lat" time="0.041" /><testcase classname="backend.tests.test_geosuite_p1_engines.TestErrorHandling" name="test_invalid_coordinates_out_of_range_lon" time="0.044" /><testcase classname="backend.tests.test_geosuite_p1_engines.TestDataQuality" name="test_corridor_confidence_level" time="12.111" /><testcase classname="backend.tests.test_geosuite_p1_engines.TestDataQuality" name="test_landcover_confidence_level" time="2.082" /><testcase classname="backend.tests.test_geosuite_p1_engines.TestDataQuality" name="test_data_sources_used_not_empty" time="7.593" /></testsuite></testsuites>