<?xml version="1.0" encoding="utf-8"?><testsuites name="pytest tests"><testsuite name="pytest" errors="0" failures="0" skipped="0" tests="33" time="3.631" timestamp="2026-02-03T19:06:55.290375+00:00" hostname="agent-env-7b7d0ad3-8301-4382-9ad7-1242fb3266c8"><testcase classname="tests.test_geospatial_api.TestGeospatialStatus" name="test_geospatial_status_returns_200" time="0.212" /><testcase classname="tests.test_geospatial_api.TestGeospatialStatus" name="test_geospatial_status_is_operational" time="0.257" /><testcase classname="tests.test_geospatial_api.TestGeospatialStatus" name="test_geospatial_status_has_data_sources" time="0.146" /><testcase classname="tests.test_geospatial_api.TestGeospatialStatus" name="test_geospatial_status_has_modules" time="0.178" /><testcase classname="tests.test_geospatial_api.TestDataSources" name="test_data_sources_returns_200" time="0.049" /><testcase classname="tests.test_geospatial_api.TestDataSources" name="test_data_sources_returns_8_sources" time="0.041" /><testcase classname="tests.test_geospatial_api.TestDataSources" name="test_data_sources_all_free" time="0.036" /><testcase classname="tests.test_geospatial_api.TestDataSources" name="test_data_sources_have_required_fields" time="0.038" /><testcase classname="tests.test_geospatial_api.TestDataSources" name="test_data_sources_include_quebec_sources" time="0.036" /><testcase classname="tests.test_geospatial_api.TestHuntingPotentialCalculation" name="test_potential_calculate_returns_200" time="0.325" /><testcase classname="tests.test_geospatial_api.TestHuntingPotentialCalculation" name="test_potential_calculate_returns_score" time="0.218" /><testcase classname="tests.test_geospatial_api.TestHuntingPotentialCalculation" name="test_potential_calculate_returns_level" time="0.236" /><testcase classname="tests.test_geospatial_api.TestHuntingPotentialCalculation" name="test_potential_calculate_returns_components" time="0.211" /><testcase classname="tests.test_geospatial_api.TestHuntingPotentialCalculation" name="test_potential_calculate_returns_recommendations" time="0.301" /><testcase classname="tests.test_geospatial_api.TestHydroRivers" name="test_hydro_rivers_returns_200" time="0.078" /><testcase classname="tests.test_geospatial_api.TestHydroRivers" name="test_hydro_rivers_returns_tile_url" time="0.033" /><testcase classname="tests.test_geospatial_api.TestHydroRivers" name="test_hydro_rivers_returns_data_source" time="0.033" /><testcase classname="tests.test_geospatial_api.TestForestSpecies" name="test_forest_species_returns_200" time="0.032" /><testcase classname="tests.test_geospatial_api.TestForestSpecies" name="test_forest_species_returns_common_species" time="0.042" /><testcase classname="tests.test_geospatial_api.TestForestSpecies" name="test_forest_species_includes_hunting_value" time="0.036" /><testcase classname="tests.test_geospatial_api.TestLidarEndpoints" name="test_lidar_coverage_returns_200" time="0.166" /><testcase classname="tests.test_geospatial_api.TestLidarEndpoints" name="test_lidar_query_returns_200" time="0.145" /><testcase classname="tests.test_geospatial_api.TestLidarEndpoints" name="test_lidar_query_returns_tile_urls" time="0.138" /><testcase classname="tests.test_geospatial_api.TestSigeomEndpoints" name="test_sigeom_bedrock_returns_200" time="0.163" /><testcase classname="tests.test_geospatial_api.TestSigeomEndpoints" name="test_sigeom_surficial_returns_200" time="0.076" /><testcase classname="tests.test_geospatial_api.TestPotentialComponents" name="test_potential_components_returns_200" time="0.041" /><testcase classname="tests.test_geospatial_api.TestPotentialComponents" name="test_potential_components_returns_7_components" time="0.036" /><testcase classname="tests.test_geospatial_api.TestPotentialComponents" name="test_potential_components_have_weights" time="0.035" /><testcase classname="tests.test_geospatial_api.TestSentinelEndpoints" name="test_sentinel_scenes_returns_200" time="0.035" /><testcase classname="tests.test_geospatial_api.TestGeomorphEndpoints" name="test_geomorph_slope_returns_200" time="0.034" /><testcase classname="tests.test_geospatial_api.TestGeomorphEndpoints" name="test_geomorph_features_returns_200" time="0.036" /><testcase classname="tests.test_geospatial_api.TestAIEndpoints" name="test_ai_corridors_returns_200" time="0.036" /><testcase classname="tests.test_geospatial_api.TestAIEndpoints" name="test_ai_bedding_zones_returns_200" time="0.081" /></testsuite></testsuites>