<?xml version="1.0" encoding="utf-8"?><testsuites name="pytest tests"><testsuite name="pytest" errors="0" failures="0" skipped="0" tests="15" time="38.668" timestamp="2026-02-05T15:10:28.904156+00:00" hostname="agent-env-cc939c89-7580-4c01-a5d0-8c30696fa799"><testcase classname="backend.tests.test_geosuite_p15_validation.TestGeoSuiteP15Backend" name="test_geosuite_status_operational" time="0.094" /><testcase classname="backend.tests.test_geosuite_p15_validation.TestGeoSuiteP15Backend" name="test_full_analysis_quebec" time="11.083" /><testcase classname="backend.tests.test_geosuite_p15_validation.TestGeoSuiteP15Backend" name="test_full_analysis_usa" time="12.448" /><testcase classname="backend.tests.test_geosuite_p15_validation.TestGeoSuiteP15Backend" name="test_corridor_analysis" time="9.840" /><testcase classname="backend.tests.test_geosuite_p15_validation.TestGeoSuiteP15Backend" name="test_landcover_analysis" time="4.746" /><testcase classname="backend.tests.test_geosuite_p15_validation.TestGeoSuiteP15Backend" name="test_nutrition_analysis" time="0.053" /><testcase classname="backend.tests.test_geosuite_p15_validation.TestGeoSuiteP15Backend" name="test_population_density" time="0.051" /><testcase classname="backend.tests.test_geosuite_p15_validation.TestGeoSuiteP15Backend" name="test_hunting_pressure" time="0.037" /><testcase classname="backend.tests.test_geosuite_p15_validation.TestGeoSuiteP15Backend" name="test_map_styles" time="0.038" /><testcase classname="backend.tests.test_geosuite_p15_validation.TestGeoSuiteP15Backend" name="test_species_presets" time="0.039" /><testcase classname="backend.tests.test_geosuite_p15_validation.TestGeoSuiteP15Backend" name="test_fusion_compatibility" time="0.043" /><testcase classname="backend.tests.test_geosuite_p15_validation.TestGeoSuiteP15Backend" name="test_error_handling_missing_params" time="0.043" /><testcase classname="backend.tests.test_geosuite_p15_validation.TestGeoSuiteP15Backend" name="test_error_handling_invalid_coords" time="0.057" /><testcase classname="backend.tests.test_geosuite_p15_validation.TestP15ComponentExports" name="test_frontend_build_success" time="0.000" /><testcase classname="backend.tests.test_geosuite_p15_validation.TestP15ComponentExports" name="test_p15_components_documented" time="0.000" /></testsuite></testsuites>