<?xml version="1.0" encoding="utf-8"?><testsuites name="pytest tests"><testsuite name="pytest" errors="0" failures="5" skipped="0" tests="33" time="2.819" timestamp="2026-02-03T19:06:05.702539+00:00" hostname="agent-env-7b7d0ad3-8301-4382-9ad7-1242fb3266c8"><testcase classname="tests.test_geospatial_api.TestGeospatialStatus" name="test_geospatial_status_returns_200" time="0.301" /><testcase classname="tests.test_geospatial_api.TestGeospatialStatus" name="test_geospatial_status_is_operational" time="0.160" /><testcase classname="tests.test_geospatial_api.TestGeospatialStatus" name="test_geospatial_status_has_data_sources" time="0.151" /><testcase classname="tests.test_geospatial_api.TestGeospatialStatus" name="test_geospatial_status_has_modules" time="0.230" /><testcase classname="tests.test_geospatial_api.TestDataSources" name="test_data_sources_returns_200" time="0.036" /><testcase classname="tests.test_geospatial_api.TestDataSources" name="test_data_sources_returns_8_sources" time="0.039" /><testcase classname="tests.test_geospatial_api.TestDataSources" name="test_data_sources_all_free" time="0.041" /><testcase classname="tests.test_geospatial_api.TestDataSources" name="test_data_sources_have_required_fields" time="0.043" /><testcase classname="tests.test_geospatial_api.TestDataSources" name="test_data_sources_include_quebec_sources" time="0.039" /><testcase classname="tests.test_geospatial_api.TestHuntingPotentialCalculation" name="test_potential_calculate_returns_200" time="0.035"><failure message="AssertionError: Expected 200, got 422&#10;assert 422 == 200&#10; +  where 422 = &lt;Response [422]&gt;.status_code">tests/test_geospatial_api.py:143: in test_potential_calculate_returns_200
    assert response.status_code == 200, f"Expected 200, got {response.status_code}"
E   AssertionError: Expected 200, got 422
E   assert 422 == 200
E    +  where 422 = &lt;Response [422]&gt;.status_code</failure></testcase><testcase classname="tests.test_geospatial_api.TestHuntingPotentialCalculation" name="test_potential_calculate_returns_score" time="0.031"><failure message="AssertionError: Response should include overall_score&#10;assert 'overall_score' in {'detail': [{'input': {'bbox': {'max_lat': 46.5, 'max_lon': -74.0, 'min_lat': 46.0, 'min_lon': -74.5}, 'season': 'rut', 'target_species': 'deer'}, 'loc': ['body', 'center_point'], 'msg': 'Field required', 'type': 'missing', ...}]}">tests/test_geospatial_api.py:156: in test_potential_calculate_returns_score
    assert "overall_score" in data, "Response should include overall_score"
E   AssertionError: Response should include overall_score
E   assert 'overall_score' in {'detail': [{'input': {'bbox': {'max_lat': 46.5, 'max_lon': -74.0, 'min_lat': 46.0, 'min_lon': -74.5}, 'season': 'rut', 'target_species': 'deer'}, 'loc': ['body', 'center_point'], 'msg': 'Field required', 'type': 'missing', ...}]}</failure></testcase><testcase classname="tests.test_geospatial_api.TestHuntingPotentialCalculation" name="test_potential_calculate_returns_level" time="0.073"><failure message="AssertionError: Response should include level&#10;assert 'level' in {'detail': [{'input': {'bbox': {'max_lat': 46.5, 'max_lon': -74.0, 'min_lat': 46.0, 'min_lon': -74.5}, 'season': 'rut', 'target_species': 'deer'}, 'loc': ['body', 'center_point'], 'msg': 'Field required', 'type': 'missing', ...}]}">tests/test_geospatial_api.py:171: in test_potential_calculate_returns_level
    assert "level" in data, "Response should include level"
E   AssertionError: Response should include level
E   assert 'level' in {'detail': [{'input': {'bbox': {'max_lat': 46.5, 'max_lon': -74.0, 'min_lat': 46.0, 'min_lon': -74.5}, 'season': 'rut', 'target_species': 'deer'}, 'loc': ['body', 'center_point'], 'msg': 'Field required', 'type': 'missing', ...}]}</failure></testcase><testcase classname="tests.test_geospatial_api.TestHuntingPotentialCalculation" name="test_potential_calculate_returns_components" time="0.052"><failure message="AssertionError: Response should include component_scores&#10;assert 'component_scores' in {'detail': [{'input': {'bbox': {'max_lat': 46.5, 'max_lon': -74.0, 'min_lat': 46.0, 'min_lon': -74.5}, 'season': 'rut', 'target_species': 'deer'}, 'loc': ['body', 'center_point'], 'msg': 'Field required', 'type': 'missing', ...}]}">tests/test_geospatial_api.py:186: in test_potential_calculate_returns_components
    assert "component_scores" in data, "Response should include component_scores"
E   AssertionError: Response should include component_scores
E   assert 'component_scores' in {'detail': [{'input': {'bbox': {'max_lat': 46.5, 'max_lon': -74.0, 'min_lat': 46.0, 'min_lon': -74.5}, 'season': 'rut', 'target_species': 'deer'}, 'loc': ['body', 'center_point'], 'msg': 'Field required', 'type': 'missing', ...}]}</failure></testcase><testcase classname="tests.test_geospatial_api.TestHuntingPotentialCalculation" name="test_potential_calculate_returns_recommendations" time="0.076"><failure message="AssertionError: Response should include recommendations&#10;assert 'recommendations' in {'detail': [{'input': {'bbox': {'max_lat': 46.5, 'max_lon': -74.0, 'min_lat': 46.0, 'min_lon': -74.5}, 'season': 'rut', 'target_species': 'deer'}, 'loc': ['body', 'center_point'], 'msg': 'Field required', 'type': 'missing', ...}]}">tests/test_geospatial_api.py:205: in test_potential_calculate_returns_recommendations
    assert "recommendations" in data, "Response should include recommendations"
E   AssertionError: Response should include recommendations
E   assert 'recommendations' in {'detail': [{'input': {'bbox': {'max_lat': 46.5, 'max_lon': -74.0, 'min_lat': 46.0, 'min_lon': -74.5}, 'season': 'rut', 'target_species': 'deer'}, 'loc': ['body', 'center_point'], 'msg': 'Field required', 'type': 'missing', ...}]}</failure></testcase><testcase classname="tests.test_geospatial_api.TestHydroRivers" name="test_hydro_rivers_returns_200" time="0.035" /><testcase classname="tests.test_geospatial_api.TestHydroRivers" name="test_hydro_rivers_returns_tile_url" time="0.046" /><testcase classname="tests.test_geospatial_api.TestHydroRivers" name="test_hydro_rivers_returns_data_source" time="0.044" /><testcase classname="tests.test_geospatial_api.TestForestSpecies" name="test_forest_species_returns_200" time="0.034" /><testcase classname="tests.test_geospatial_api.TestForestSpecies" name="test_forest_species_returns_common_species" time="0.037" /><testcase classname="tests.test_geospatial_api.TestForestSpecies" name="test_forest_species_includes_hunting_value" time="0.037" /><testcase classname="tests.test_geospatial_api.TestLidarEndpoints" name="test_lidar_coverage_returns_200" time="0.250" /><testcase classname="tests.test_geospatial_api.TestLidarEndpoints" name="test_lidar_query_returns_200" time="0.146" /><testcase classname="tests.test_geospatial_api.TestLidarEndpoints" name="test_lidar_query_returns_tile_urls" time="0.140" /><testcase classname="tests.test_geospatial_api.TestSigeomEndpoints" name="test_sigeom_bedrock_returns_200" time="0.221" /><testcase classname="tests.test_geospatial_api.TestSigeomEndpoints" name="test_sigeom_surficial_returns_200" time="0.078" /><testcase classname="tests.test_geospatial_api.TestPotentialComponents" name="test_potential_components_returns_200" time="0.034" /><testcase classname="tests.test_geospatial_api.TestPotentialComponents" name="test_potential_components_returns_7_components" time="0.046" /><testcase classname="tests.test_geospatial_api.TestPotentialComponents" name="test_potential_components_have_weights" time="0.034" /><testcase classname="tests.test_geospatial_api.TestSentinelEndpoints" name="test_sentinel_scenes_returns_200" time="0.037" /><testcase classname="tests.test_geospatial_api.TestGeomorphEndpoints" name="test_geomorph_slope_returns_200" time="0.036" /><testcase classname="tests.test_geospatial_api.TestGeomorphEndpoints" name="test_geomorph_features_returns_200" time="0.038" /><testcase classname="tests.test_geospatial_api.TestAIEndpoints" name="test_ai_corridors_returns_200" time="0.042" /><testcase classname="tests.test_geospatial_api.TestAIEndpoints" name="test_ai_bedding_zones_returns_200" time="0.036" /></testsuite></testsuites>