<?xml version="1.0" encoding="utf-8"?><testsuites name="pytest tests"><testsuite name="pytest" errors="0" failures="0" skipped="0" tests="62" time="245.585" timestamp="2026-02-05T13:39:41.087504+00:00" hostname="agent-env-e29e13b9-04f5-4f45-b531-a0e59a0cead5"><testcase classname="backend.tests.test_geosuite_p1_engines.TestGeoSuiteStatus" name="test_geosuite_status_returns_200" time="0.076" /><testcase classname="backend.tests.test_geosuite_p1_engines.TestGeoSuiteStatus" name="test_geosuite_status_structure" time="0.035" /><testcase classname="backend.tests.test_geosuite_p1_engines.TestGeoSuiteStatus" name="test_geosuite_status_engines" time="0.033" /><testcase classname="backend.tests.test_geosuite_p1_engines.TestGeoSuiteStatus" name="test_geosuite_status_data_sources" time="0.038" /><testcase classname="backend.tests.test_geosuite_p1_engines.TestCorridorEngine" name="test_corridor_analyze_quebec_returns_200" time="11.421" /><testcase classname="backend.tests.test_geosuite_p1_engines.TestCorridorEngine" name="test_corridor_analyze_quebec_structure" time="12.670" /><testcase classname="backend.tests.test_geosuite_p1_engines.TestCorridorEngine" name="test_corridor_analyze_quebec_score_range" time="5.933" /><testcase classname="backend.tests.test_geosuite_p1_engines.TestCorridorEngine" name="test_corridor_analyze_quebec_corridors_data" time="12.267" /><testcase classname="backend.tests.test_geosuite_p1_engines.TestCorridorEngine" name="test_corridor_analyze_quebec_species_scores" time="11.999" /><testcase classname="backend.tests.test_geosuite_p1_engines.TestCorridorEngine" name="test_corridor_analyze_usa_returns_200" time="4.297" /><testcase classname="backend.tests.test_geosuite_p1_engines.TestCorridorEngine" name="test_corridor_analyze_usa_region_detection" time="14.467" /><testcase classname="backend.tests.test_geosuite_p1_engines.TestCorridorEngine" name="test_corridor_analyze_recommendations" time="11.559" /><testcase classname="backend.tests.test_geosuite_p1_engines.TestLandcoverEngine" name="test_landcover_analyze_quebec_returns_200" time="5.426" /><testcase classname="backend.tests.test_geosuite_p1_engines.TestLandcoverEngine" name="test_landcover_analyze_quebec_structure" time="5.658" /><testcase classname="backend.tests.test_geosuite_p1_engines.TestLandcoverEngine" name="test_landcover_analyze_quebec_score_range" time="5.034" /><testcase classname="backend.tests.test_geosuite_p1_engines.TestLandcoverEngine" name="test_landcover_analyze_quebec_cover_data" time="4.901" /><testcase classname="backend.tests.test_geosuite_p1_engines.TestLandcoverEngine" name="test_landcover_analyze_quebec_species_habitat" time="2.200" /><testcase classname="backend.tests.test_geosuite_p1_engines.TestLandcoverEngine" name="test_landcover_analyze_usa_returns_200" time="5.685" /><testcase classname="backend.tests.test_geosuite_p1_engines.TestNutritionEngine" name="test_nutrition_analyze_quebec_returns_200" time="0.057" /><testcase classname="backend.tests.test_geosuite_p1_engines.TestNutritionEngine" name="test_nutrition_analyze_quebec_structure" time="0.046" /><testcase classname="backend.tests.test_geosuite_p1_engines.TestNutritionEngine" name="test_nutrition_analyze_quebec_score_range" time="0.046" /><testcase classname="backend.tests.test_geosuite_p1_engines.TestNutritionEngine" name="test_nutrition_analyze_quebec_food_availability" time="0.044" /><testcase classname="backend.tests.test_geosuite_p1_engines.TestNutritionEngine" name="test_nutrition_analyze_quebec_species_nutrition" time="0.037" /><testcase classname="backend.tests.test_geosuite_p1_engines.TestNutritionEngine" name="test_nutrition_analyze_usa_returns_200" time="0.039" /><testcase classname="backend.tests.test_geosuite_p1_engines.TestPopulationDensityEngine" name="test_population_density_quebec_returns_200" time="0.039" /><testcase classname="backend.tests.test_geosuite_p1_engines.TestPopulationDensityEngine" name="test_population_density_quebec_structure" time="0.035" /><testcase classname="backend.tests.test_geosuite_p1_engines.TestPopulationDensityEngine" name="test_population_density_quebec_score_range" time="0.038" /><testcase classname="backend.tests.test_geosuite_p1_engines.TestPopulationDensityEngine" name="test_population_density_quebec_category" time="0.036" /><testcase classname="backend.tests.test_geosuite_p1_engines.TestPopulationDensityEngine" name="test_population_density_quebec_species_densities" time="0.037" /><testcase classname="backend.tests.test_geosuite_p1_engines.TestPopulationDensityEngine" name="test_population_density_usa_returns_200" time="0.035" /><testcase classname="backend.tests.test_geosuite_p1_engines.TestHuntingPressureModule" name="test_hunting_pressure_quebec_returns_200" time="0.035" /><testcase classname="backend.tests.test_geosuite_p1_engines.TestHuntingPressureModule" name="test_hunting_pressure_quebec_structure" time="0.041" /><testcase classname="backend.tests.test_geosuite_p1_engines.TestHuntingPressureModule" name="test_hunting_pressure_quebec_score_range" time="0.033" /><testcase classname="backend.tests.test_geosuite_p1_engines.TestHuntingPressureModule" name="test_hunting_pressure_quebec_pressure_level" time="0.037" /><testcase classname="backend.tests.test_geosuite_p1_engines.TestHuntingPressureModule" name="test_hunting_pressure_quebec_behavioral_impact" time="0.041" /><testcase classname="backend.tests.test_geosuite_p1_engines.TestHuntingPressureModule" name="test_hunting_pressure_quebec_optimal_timing" time="0.036" /><testcase classname="backend.tests.test_geosuite_p1_engines.TestHuntingPressureModule" name="test_hunting_pressure_usa_returns_200" time="0.037" /><testcase classname="backend.tests.test_geosuite_p1_engines.TestFullAnalysis" name="test_full_analysis_quebec_returns_200" time="14.970" /><testcase classname="backend.tests.test_geosuite_p1_engines.TestFullAnalysis" name="test_full_analysis_quebec_all_engines_executed" time="12.444" /><testcase classname="backend.tests.test_geosuite_p1_engines.TestFullAnalysis" name="test_full_analysis_quebec_analyses_present" time="10.874" /><testcase classname="backend.tests.test_geosuite_p1_engines.TestFullAnalysis" name="test_full_analysis_quebec_global_score" time="15.296" /><testcase classname="backend.tests.test_geosuite_p1_engines.TestFullAnalysis" name="test_full_analysis_quebec_recommendations" time="6.106" /><testcase classname="backend.tests.test_geosuite_p1_engines.TestFullAnalysis" name="test_full_analysis_usa_returns_200" time="19.218" /><testcase classname="backend.tests.test_geosuite_p1_engines.TestMapStyles" name="test_map_styles_returns_200" time="0.060" /><testcase classname="backend.tests.test_geosuite_p1_engines.TestMapStyles" name="test_map_styles_structure" time="0.035" /><testcase classname="backend.tests.test_geosuite_p1_engines.TestMapStyles" name="test_map_styles_available" time="0.040" /><testcase classname="backend.tests.test_geosuite_p1_engines.TestSpeciesPresets" name="test_species_presets_returns_200" time="0.035" /><testcase classname="backend.tests.test_geosuite_p1_engines.TestSpeciesPresets" name="test_species_presets_all_species" time="0.039" /><testcase classname="backend.tests.test_geosuite_p1_engines.TestFusionCompatibility" name="test_fusion_compatibility_returns_200" time="0.035" /><testcase classname="backend.tests.test_geosuite_p1_engines.TestFusionCompatibility" name="test_fusion_compatibility_structure" time="0.075" /><testcase classname="backend.tests.test_geosuite_p1_engines.TestFusionCompatibility" name="test_fusion_compatibility_engines_ready" time="0.047" /><testcase classname="backend.tests.test_geosuite_p1_engines.TestMultiTerritory" name="test_quebec_region_detection" time="11.112" /><testcase classname="backend.tests.test_geosuite_p1_engines.TestMultiTerritory" name="test_laurentides_region_detection" time="13.581" /><testcase classname="backend.tests.test_geosuite_p1_engines.TestMultiTerritory" name="test_usa_region_detection" time="10.629" /><testcase classname="backend.tests.test_geosuite_p1_engines.TestMultiTerritory" name="test_quebec_data_sources" time="0.052" /><testcase classname="backend.tests.test_geosuite_p1_engines.TestErrorHandling" name="test_invalid_coordinates_missing_lat" time="0.038" /><testcase classname="backend.tests.test_geosuite_p1_engines.TestErrorHandling" name="test_invalid_coordinates_missing_lon" time="0.035" /><testcase classname="backend.tests.test_geosuite_p1_engines.TestErrorHandling" name="test_invalid_coordinates_out_of_range_lat" time="0.076" /><testcase classname="backend.tests.test_geosuite_p1_engines.TestErrorHandling" name="test_invalid_coordinates_out_of_range_lon" time="0.038" /><testcase classname="backend.tests.test_geosuite_p1_engines.TestDataQuality" name="test_corridor_confidence_level" time="3.737" /><testcase classname="backend.tests.test_geosuite_p1_engines.TestDataQuality" name="test_landcover_confidence_level" time="5.072" /><testcase classname="backend.tests.test_geosuite_p1_engines.TestDataQuality" name="test_data_sources_used_not_empty" time="7.355" /></testsuite></testsuites>