<?xml version="1.0" encoding="utf-8"?><testsuites name="pytest tests"><testsuite name="pytest" errors="0" failures="1" skipped="0" tests="22" time="4.229" timestamp="2026-02-13T17:26:39.693195+00:00" hostname="agent-env-5560bf88-ae6d-45c5-be70-9cba46d260da"><testcase classname="backend.tests.test_huntiq_v3_phase05.TestAPIRoot" name="test_api_root_returns_welcome_message" time="0.221" /><testcase classname="backend.tests.test_huntiq_v3_phase05.TestFreemiumEngine" name="test_freemium_status_for_user" time="0.127" /><testcase classname="backend.tests.test_huntiq_v3_phase05.TestFreemiumEngine" name="test_freemium_check_quota" time="0.118" /><testcase classname="backend.tests.test_huntiq_v3_phase05.TestFreemiumEngine" name="test_freemium_quotas_config" time="0.167" /><testcase classname="backend.tests.test_huntiq_v3_phase05.TestFreemiumEngine" name="test_freemium_user_quotas" time="0.155" /><testcase classname="backend.tests.test_huntiq_v3_phase05.TestOnboardingEngine" name="test_onboarding_config" time="0.147" /><testcase classname="backend.tests.test_huntiq_v3_phase05.TestOnboardingEngine" name="test_onboarding_progress" time="0.309" /><testcase classname="backend.tests.test_huntiq_v3_phase05.TestOnboardingEngine" name="test_onboarding_step_complete" time="0.168"><failure message="assert 404 == 200&#10; +  where 404 = &lt;Response [404]&gt;.status_code">backend/tests/test_huntiq_v3_phase05.py:149: in test_onboarding_step_complete
    assert response.status_code == 200
E   assert 404 == 200
E    +  where 404 = &lt;Response [404]&gt;.status_code</failure></testcase><testcase classname="backend.tests.test_huntiq_v3_phase05.TestTutorialsEngine" name="test_tutorials_list" time="0.284" /><testcase classname="backend.tests.test_huntiq_v3_phase05.TestTutorialsEngine" name="test_tutorials_detail" time="0.295" /><testcase classname="backend.tests.test_huntiq_v3_phase05.TestTutorialsEngine" name="test_tutorials_progress" time="0.190" /><testcase classname="backend.tests.test_huntiq_v3_phase05.TestAdminUsersModule" name="test_admin_users_top" time="0.127" /><testcase classname="backend.tests.test_huntiq_v3_phase05.TestAdminUsersModule" name="test_admin_users_top_categories" time="0.142" /><testcase classname="backend.tests.test_huntiq_v3_phase05.TestAdminUsersModule" name="test_admin_stats" time="0.294" /><testcase classname="backend.tests.test_huntiq_v3_phase05.TestAdminUsersModule" name="test_admin_users_stats_summary" time="0.140" /><testcase classname="backend.tests.test_huntiq_v3_phase05.TestProductsCRUD" name="test_products_list" time="0.143" /><testcase classname="backend.tests.test_huntiq_v3_phase05.TestProductsCRUD" name="test_products_top" time="0.210" /><testcase classname="backend.tests.test_huntiq_v3_phase05.TestProductsCRUD" name="test_products_create" time="0.176" /><testcase classname="backend.tests.test_huntiq_v3_phase05.TestPaymentEngine" name="test_payment_packages" time="0.278" /><testcase classname="backend.tests.test_huntiq_v3_phase05.TestSiteStatus" name="test_site_status" time="0.140" /><testcase classname="backend.tests.test_huntiq_v3_phase05.TestAdminLogin" name="test_admin_login_success" time="0.136" /><testcase classname="backend.tests.test_huntiq_v3_phase05.TestAdminLogin" name="test_admin_login_failure" time="0.139" /></testsuite></testsuites>