<?xml version="1.0" encoding="utf-8"?><testsuites name="pytest tests"><testsuite name="pytest" errors="0" failures="0" skipped="0" tests="22" time="3.442" timestamp="2026-02-13T17:28:37.871698+00:00" hostname="agent-env-5560bf88-ae6d-45c5-be70-9cba46d260da"><testcase classname="backend.tests.test_huntiq_v3_phase05.TestAPIRoot" name="test_api_root_returns_welcome_message" time="0.246" /><testcase classname="backend.tests.test_huntiq_v3_phase05.TestFreemiumEngine" name="test_freemium_status_for_user" time="0.125" /><testcase classname="backend.tests.test_huntiq_v3_phase05.TestFreemiumEngine" name="test_freemium_check_quota" time="0.157" /><testcase classname="backend.tests.test_huntiq_v3_phase05.TestFreemiumEngine" name="test_freemium_quotas_config" time="0.146" /><testcase classname="backend.tests.test_huntiq_v3_phase05.TestFreemiumEngine" name="test_freemium_user_quotas" time="0.133" /><testcase classname="backend.tests.test_huntiq_v3_phase05.TestOnboardingEngine" name="test_onboarding_config" time="0.135" /><testcase classname="backend.tests.test_huntiq_v3_phase05.TestOnboardingEngine" name="test_onboarding_progress" time="0.154" /><testcase classname="backend.tests.test_huntiq_v3_phase05.TestOnboardingEngine" name="test_onboarding_step_complete" time="0.266" /><testcase classname="backend.tests.test_huntiq_v3_phase05.TestTutorialsEngine" name="test_tutorials_list" time="0.103" /><testcase classname="backend.tests.test_huntiq_v3_phase05.TestTutorialsEngine" name="test_tutorials_detail" time="0.147" /><testcase classname="backend.tests.test_huntiq_v3_phase05.TestTutorialsEngine" name="test_tutorials_progress" time="0.153" /><testcase classname="backend.tests.test_huntiq_v3_phase05.TestAdminUsersModule" name="test_admin_users_top" time="0.135" /><testcase classname="backend.tests.test_huntiq_v3_phase05.TestAdminUsersModule" name="test_admin_users_top_categories" time="0.104" /><testcase classname="backend.tests.test_huntiq_v3_phase05.TestAdminUsersModule" name="test_admin_stats" time="0.121" /><testcase classname="backend.tests.test_huntiq_v3_phase05.TestAdminUsersModule" name="test_admin_users_stats_summary" time="0.134" /><testcase classname="backend.tests.test_huntiq_v3_phase05.TestProductsCRUD" name="test_products_list" time="0.170" /><testcase classname="backend.tests.test_huntiq_v3_phase05.TestProductsCRUD" name="test_products_top" time="0.160" /><testcase classname="backend.tests.test_huntiq_v3_phase05.TestProductsCRUD" name="test_products_create" time="0.158" /><testcase classname="backend.tests.test_huntiq_v3_phase05.TestPaymentEngine" name="test_payment_packages" time="0.108" /><testcase classname="backend.tests.test_huntiq_v3_phase05.TestSiteStatus" name="test_site_status" time="0.189" /><testcase classname="backend.tests.test_huntiq_v3_phase05.TestAdminLogin" name="test_admin_login_success" time="0.217" /><testcase classname="backend.tests.test_huntiq_v3_phase05.TestAdminLogin" name="test_admin_login_failure" time="0.120" /></testsuite></testsuites>