<?xml version="1.0" encoding="utf-8"?><testsuites name="pytest tests"><testsuite name="pytest" errors="0" failures="0" skipped="0" tests="30" time="1.753" timestamp="2026-02-04T19:13:50.773227+00:00" hostname="agent-env-2eb3b1db-cefb-48f5-8a60-03b00aaf1c7d"><testcase classname="backend.tests.test_standardized_output_format.TestStandardizedMetadata" name="test_sentinel_metadata_structure" time="0.077" /><testcase classname="backend.tests.test_standardized_output_format.TestStandardizedMetadata" name="test_sigeom_metadata_structure" time="0.037" /><testcase classname="backend.tests.test_standardized_output_format.TestStandardizedMetadata" name="test_terrain_metadata_structure" time="0.042" /><testcase classname="backend.tests.test_standardized_output_format.TestStandardizedMetadata" name="test_pressure_metadata_structure" time="0.045" /><testcase classname="backend.tests.test_standardized_output_format.TestStandardizedOverallScore" name="test_sentinel_overall_score_structure" time="0.038" /><testcase classname="backend.tests.test_standardized_output_format.TestStandardizedOverallScore" name="test_sigeom_overall_score_structure" time="0.038" /><testcase classname="backend.tests.test_standardized_output_format.TestStandardizedOverallScore" name="test_terrain_overall_score_structure" time="0.053" /><testcase classname="backend.tests.test_standardized_output_format.TestStandardizedOverallScore" name="test_pressure_overall_score_structure" time="0.037" /><testcase classname="backend.tests.test_standardized_output_format.TestStandardizedLocation" name="test_sentinel_location_structure" time="0.034" /><testcase classname="backend.tests.test_standardized_output_format.TestStandardizedLocation" name="test_sigeom_location_structure" time="0.037" /><testcase classname="backend.tests.test_standardized_output_format.TestStandardizedLocation" name="test_terrain_location_structure" time="0.038" /><testcase classname="backend.tests.test_standardized_output_format.TestStandardizedLocation" name="test_pressure_location_structure" time="0.041" /><testcase classname="backend.tests.test_standardized_output_format.TestStandardizedDataAndRecommendations" name="test_sentinel_data_and_recommendations" time="0.040" /><testcase classname="backend.tests.test_standardized_output_format.TestStandardizedDataAndRecommendations" name="test_sigeom_data_and_recommendations" time="0.036" /><testcase classname="backend.tests.test_standardized_output_format.TestStandardizedDataAndRecommendations" name="test_terrain_data_and_recommendations" time="0.037" /><testcase classname="backend.tests.test_standardized_output_format.TestStandardizedDataAndRecommendations" name="test_pressure_data_and_recommendations" time="0.037" /><testcase classname="backend.tests.test_standardized_output_format.TestConsolidatedEndpoint" name="test_consolidated_endpoint_returns_all_modules" time="0.039" /><testcase classname="backend.tests.test_standardized_output_format.TestConsolidatedEndpoint" name="test_consolidated_endpoint_global_score" time="0.037" /><testcase classname="backend.tests.test_standardized_output_format.TestConsolidatedEndpoint" name="test_consolidated_endpoint_modules_have_standardized_format" time="0.035" /><testcase classname="backend.tests.test_standardized_output_format.TestConsolidatedEndpoint" name="test_consolidated_endpoint_recommendations" time="0.037" /><testcase classname="backend.tests.test_standardized_output_format.TestCacheFunctionality" name="test_sentinel_cache_second_call" time="0.074" /><testcase classname="backend.tests.test_standardized_output_format.TestCacheFunctionality" name="test_sigeom_cache_second_call" time="0.086" /><testcase classname="backend.tests.test_standardized_output_format.TestCacheFunctionality" name="test_terrain_cache_second_call" time="0.079" /><testcase classname="backend.tests.test_standardized_output_format.TestCacheFunctionality" name="test_pressure_cache_second_call" time="0.069" /><testcase classname="backend.tests.test_standardized_output_format.TestCacheFunctionality" name="test_consolidated_cache_hit_rate" time="0.070" /><testcase classname="backend.tests.test_standardized_output_format.TestScoreLevelConsistency" name="test_score_level_mapping" time="0.146" /><testcase classname="backend.tests.test_standardized_output_format.TestDifferentSpecies" name="test_sigeom_different_species" time="0.111" /><testcase classname="backend.tests.test_standardized_output_format.TestDifferentSpecies" name="test_consolidated_different_species" time="0.108" /><testcase classname="backend.tests.test_standardized_output_format.TestSelectiveModules" name="test_vegetation_only" time="0.035" /><testcase classname="backend.tests.test_standardized_output_format.TestSelectiveModules" name="test_geology_and_terrain_only" time="0.038" /></testsuite></testsuites>