<?xml version="1.0" encoding="utf-8"?><testsuites name="pytest tests"><testsuite name="pytest" errors="0" failures="0" skipped="0" tests="20" time="0.902" timestamp="2026-02-04T16:12:08.685916+00:00" hostname="agent-env-39838b42-1fb5-4f85-a38f-13090249f13b"><testcase classname="backend.tests.test_stats_wms_endpoints.TestBionicStats" name="test_bionic_stats_returns_200" time="0.090" /><testcase classname="backend.tests.test_stats_wms_endpoints.TestBionicStats" name="test_bionic_stats_structure" time="0.042" /><testcase classname="backend.tests.test_stats_wms_endpoints.TestBionicStats" name="test_bionic_stats_data_types" time="0.044" /><testcase classname="backend.tests.test_stats_wms_endpoints.TestBionicStats" name="test_bionic_stats_values_reasonable" time="0.041" /><testcase classname="backend.tests.test_stats_wms_endpoints.TestFrontendStats" name="test_stats_returns_200" time="0.047" /><testcase classname="backend.tests.test_stats_wms_endpoints.TestFrontendStats" name="test_stats_structure" time="0.044" /><testcase classname="backend.tests.test_stats_wms_endpoints.TestFrontendStats" name="test_stats_threshold_values" time="0.039" /><testcase classname="backend.tests.test_stats_wms_endpoints.TestFrontendStats" name="test_stats_data_types" time="0.043" /><testcase classname="backend.tests.test_stats_wms_endpoints.TestWMSProxyStatus" name="test_wms_status_returns_200" time="0.034" /><testcase classname="backend.tests.test_stats_wms_endpoints.TestWMSProxyStatus" name="test_wms_status_structure" time="0.035" /><testcase classname="backend.tests.test_stats_wms_endpoints.TestWMSProxyStatus" name="test_wms_status_allowed_hosts" time="0.032" /><testcase classname="backend.tests.test_stats_wms_endpoints.TestWMSProxyStatus" name="test_wms_status_sources_structure" time="0.040" /><testcase classname="backend.tests.test_stats_wms_endpoints.TestWMSProxyStatus" name="test_wms_status_cache_config" time="0.034" /><testcase classname="backend.tests.test_stats_wms_endpoints.TestWMSProxyCircuitBreaker" name="test_reset_all_circuit_breakers" time="0.038" /><testcase classname="backend.tests.test_stats_wms_endpoints.TestWMSProxyCircuitBreaker" name="test_reset_specific_host_circuit_breaker" time="0.035" /><testcase classname="backend.tests.test_stats_wms_endpoints.TestWMSProxyCircuitBreaker" name="test_reset_unknown_host" time="0.034" /><testcase classname="backend.tests.test_stats_wms_endpoints.TestStatsLiveEndpoint" name="test_live_stats_returns_200" time="0.036" /><testcase classname="backend.tests.test_stats_wms_endpoints.TestStatsLiveEndpoint" name="test_live_stats_structure" time="0.039" /><testcase classname="backend.tests.test_stats_wms_endpoints.TestStatsThresholdsEndpoint" name="test_thresholds_returns_200" time="0.037" /><testcase classname="backend.tests.test_stats_wms_endpoints.TestStatsThresholdsEndpoint" name="test_thresholds_structure" time="0.037" /></testsuite></testsuites>