<?xml version="1.0" encoding="utf-8"?><testsuites name="pytest tests"><testsuite name="pytest" errors="0" failures="0" skipped="0" tests="12" time="2.658" timestamp="2026-02-03T20:56:27.162144+00:00" hostname="agent-env-7b7d0ad3-8301-4382-9ad7-1242fb3266c8"><testcase classname="backend.tests.test_territory_weather_api.TestWeatherAPI" name="test_weather_current_returns_200" time="0.262" /><testcase classname="backend.tests.test_territory_weather_api.TestWeatherAPI" name="test_weather_current_returns_valid_data" time="0.174" /><testcase classname="backend.tests.test_territory_weather_api.TestWeatherAPI" name="test_weather_hunting_score_present" time="0.213" /><testcase classname="backend.tests.test_territory_weather_api.TestWeatherAPI" name="test_weather_forecast_returns_200" time="0.216" /><testcase classname="backend.tests.test_territory_weather_api.TestWeatherAPI" name="test_weather_hunting_score_endpoint" time="0.177" /><testcase classname="backend.tests.test_territory_weather_api.TestHuntingPotentialAPI" name="test_potential_calculate_returns_200" time="0.417" /><testcase classname="backend.tests.test_territory_weather_api.TestHuntingPotentialAPI" name="test_potential_calculate_returns_valid_score" time="0.218" /><testcase classname="backend.tests.test_territory_weather_api.TestHuntingPotentialAPI" name="test_potential_calculate_returns_component_scores" time="0.349" /><testcase classname="backend.tests.test_territory_weather_api.TestHuntingPotentialAPI" name="test_potential_components_endpoint" time="0.038" /><testcase classname="backend.tests.test_territory_weather_api.TestHuntingPotentialAPI" name="test_potential_requires_center_point" time="0.037" /><testcase classname="backend.tests.test_territory_weather_api.TestGeospatialStatus" name="test_geospatial_status" time="0.441" /><testcase classname="backend.tests.test_territory_weather_api.TestGeospatialStatus" name="test_data_sources" time="0.045" /></testsuite></testsuites>