<?xml version="1.0" encoding="utf-8"?><testsuites name="pytest tests"><testsuite name="pytest" errors="0" failures="0" skipped="0" tests="31" time="3.054" timestamp="2026-02-05T20:34:06.533106+00:00" hostname="agent-env-07b98391-0aa8-457c-ac6e-d703aa913fd1"><testcase classname="backend.tests.test_wms_proxy_endpoints.TestWMSSourcesEndpoint" name="test_wms_sources_returns_200" time="0.065" /><testcase classname="backend.tests.test_wms_proxy_endpoints.TestWMSSourcesEndpoint" name="test_wms_sources_returns_available_sources" time="0.045" /><testcase classname="backend.tests.test_wms_proxy_endpoints.TestWMSSourcesEndpoint" name="test_wms_sources_contains_osm" time="0.043" /><testcase classname="backend.tests.test_wms_proxy_endpoints.TestWMSSourcesEndpoint" name="test_wms_sources_contains_canvec" time="0.039" /><testcase classname="backend.tests.test_wms_proxy_endpoints.TestWMSSourcesEndpoint" name="test_wms_sources_contains_usgs" time="0.052" /><testcase classname="backend.tests.test_wms_proxy_endpoints.TestWMSSourcesEndpoint" name="test_wms_sources_structure" time="0.038" /><testcase classname="backend.tests.test_wms_proxy_endpoints.TestWMSSourcesEndpoint" name="test_wms_sources_excludes_unavailable_by_default" time="0.038" /><testcase classname="backend.tests.test_wms_proxy_endpoints.TestWMSSourcesEndpoint" name="test_wms_sources_include_unavailable_param" time="0.045" /><testcase classname="backend.tests.test_wms_proxy_endpoints.TestWMSMaplibreConfigEndpoint" name="test_maplibre_config_returns_200" time="0.038" /><testcase classname="backend.tests.test_wms_proxy_endpoints.TestWMSMaplibreConfigEndpoint" name="test_maplibre_config_structure" time="0.044" /><testcase classname="backend.tests.test_wms_proxy_endpoints.TestWMSMaplibreConfigEndpoint" name="test_maplibre_config_sources_format" time="0.035" /><testcase classname="backend.tests.test_wms_proxy_endpoints.TestWMSMaplibreConfigEndpoint" name="test_maplibre_config_layers_format" time="0.033" /><testcase classname="backend.tests.test_wms_proxy_endpoints.TestWMSMaplibreConfigEndpoint" name="test_maplibre_config_contains_osm_layer" time="0.035" /><testcase classname="backend.tests.test_wms_proxy_endpoints.TestWMSMaplibreConfigEndpoint" name="test_maplibre_config_contains_canvec_hydro" time="0.045" /><testcase classname="backend.tests.test_wms_proxy_endpoints.TestWMSTileEndpoint" name="test_canvec_hydro_tile_returns_200" time="0.389" /><testcase classname="backend.tests.test_wms_proxy_endpoints.TestWMSTileEndpoint" name="test_canvec_hydro_tile_returns_png" time="0.039" /><testcase classname="backend.tests.test_wms_proxy_endpoints.TestWMSTileEndpoint" name="test_canvec_hydro_tile_has_data" time="0.043" /><testcase classname="backend.tests.test_wms_proxy_endpoints.TestWMSTileEndpoint" name="test_osm_tile_returns_200" time="0.850" /><testcase classname="backend.tests.test_wms_proxy_endpoints.TestWMSTileEndpoint" name="test_osm_tile_returns_png" time="0.039" /><testcase classname="backend.tests.test_wms_proxy_endpoints.TestWMSTileEndpoint" name="test_usgs_topo_tile_returns_200" time="0.589" /><testcase classname="backend.tests.test_wms_proxy_endpoints.TestWMSTileEndpoint" name="test_invalid_source_returns_error" time="0.040" /><testcase classname="backend.tests.test_wms_proxy_endpoints.TestWMSTileEndpoint" name="test_invalid_layer_returns_error" time="0.037" /><testcase classname="backend.tests.test_wms_proxy_endpoints.TestWMSTileEndpoint" name="test_tile_cache_headers" time="0.038" /><testcase classname="backend.tests.test_wms_proxy_endpoints.TestWMSTileEndpoint" name="test_tile_wms_source_header" time="0.035" /><testcase classname="backend.tests.test_wms_proxy_endpoints.TestWMSSourceInfoEndpoint" name="test_source_info_osm" time="0.040" /><testcase classname="backend.tests.test_wms_proxy_endpoints.TestWMSSourceInfoEndpoint" name="test_source_info_canvec" time="0.043" /><testcase classname="backend.tests.test_wms_proxy_endpoints.TestWMSSourceInfoEndpoint" name="test_source_info_invalid" time="0.032" /><testcase classname="backend.tests.test_wms_proxy_endpoints.TestWMSTileURLTemplate" name="test_tile_url_template_osm" time="0.035" /><testcase classname="backend.tests.test_wms_proxy_endpoints.TestWMSTileURLTemplate" name="test_tile_url_template_canvec" time="0.034" /><testcase classname="backend.tests.test_wms_proxy_endpoints.TestWMSCacheClear" name="test_cache_clear_all" time="0.038" /><testcase classname="backend.tests.test_wms_proxy_endpoints.TestWMSCacheClear" name="test_cache_clear_specific_source" time="0.037" /></testsuite></testsuites>